Unity Editor version:    2022.3.11f1 (d00248457e15)
Branch:                  2022.3/staging
Build type:              Release
Batch mode:              YES
macOS version:           Version 14.1.1 (Build 23B81)
Darwin version:          23.1.0
Architecture:            arm64
Running under Rosetta:   NO
Available memory:        32768 MB
Using pre-set license
Pro License: YES

COMMAND LINE ARGUMENTS:
/Applications/Unity/Hub/Editor/2022.3.11f1/Unity.app/Contents/MacOS/Unity
-adb2
-batchMode
-noUpm
-name
AssetImportWorker2
-projectPath
/Users/dylantalmood/Documents/GitHub/CS178UnityProject/Tomb of the Damned
-logFile
Logs/AssetImportWorker2.log
-srvPort
63445
Successfully changed project path to: /Users/dylantalmood/Documents/GitHub/CS178UnityProject/Tomb of the Damned
/Users/dylantalmood/Documents/GitHub/CS178UnityProject/Tomb of the Damned
[UnityMemory] Configuration Parameters - Can be set up in boot.config
    "memorysetup-bucket-allocator-granularity=16"
    "memorysetup-bucket-allocator-bucket-count=8"
    "memorysetup-bucket-allocator-block-size=33554432"
    "memorysetup-bucket-allocator-block-count=8"
    "memorysetup-main-allocator-block-size=16777216"
    "memorysetup-thread-allocator-block-size=16777216"
    "memorysetup-gfx-main-allocator-block-size=16777216"
    "memorysetup-gfx-thread-allocator-block-size=16777216"
    "memorysetup-cache-allocator-block-size=4194304"
    "memorysetup-typetree-allocator-block-size=2097152"
    "memorysetup-profiler-bucket-allocator-granularity=16"
    "memorysetup-profiler-bucket-allocator-bucket-count=8"
    "memorysetup-profiler-bucket-allocator-block-size=33554432"
    "memorysetup-profiler-bucket-allocator-block-count=8"
    "memorysetup-profiler-allocator-block-size=16777216"
    "memorysetup-profiler-editor-allocator-block-size=1048576"
    "memorysetup-temp-allocator-size-main=16777216"
    "memorysetup-job-temp-allocator-block-size=2097152"
    "memorysetup-job-temp-allocator-block-size-background=1048576"
    "memorysetup-job-temp-allocator-reduction-small-platforms=262144"
    "memorysetup-allocator-temp-initial-block-size-main=262144"
    "memorysetup-allocator-temp-initial-block-size-worker=262144"
    "memorysetup-temp-allocator-size-background-worker=32768"
    "memorysetup-temp-allocator-size-job-worker=262144"
    "memorysetup-temp-allocator-size-preload-manager=33554432"
    "memorysetup-temp-allocator-size-nav-mesh-worker=65536"
    "memorysetup-temp-allocator-size-audio-worker=65536"
    "memorysetup-temp-allocator-size-cloud-worker=32768"
    "memorysetup-temp-allocator-size-gi-baking-worker=262144"
    "memorysetup-temp-allocator-size-gfx=262144"
Player connection [8074387136] Host "[IP] 10.13.13.216 [Port] 0 [Flags] 2 [Guid] 3626614338 [EditorId] 3626614338 [Version] 1048832 [Id] OSXEditor(0,Dylans-MacBook-Pro-3.local) [Debug] 1 [PackageName] OSXEditor [ProjectName] Editor" joined multi-casting on [225.0.0.222:54997]...

Player connection [8074387136] Host "[IP] 10.13.13.216 [Port] 0 [Flags] 2 [Guid] 3626614338 [EditorId] 3626614338 [Version] 1048832 [Id] OSXEditor(0,Dylans-MacBook-Pro-3.local) [Debug] 1 [PackageName] OSXEditor [ProjectName] Editor" joined alternative multi-casting on [225.0.0.222:34997]...

[Physics::Module] Initialized MultithreadedJobDispatcher with 9 workers.
Refreshing native plugins compatible for Editor in 3.93 ms, found 2 plugins.
Preloading 0 native plugins for Editor in 0.00 ms.
Initialize engine version: 2022.3.11f1 (d00248457e15)
[Subsystems] Discovering subsystems at path /Applications/Unity/Hub/Editor/2022.3.11f1/Unity.app/Contents/Resources/UnitySubsystems
[Subsystems] Discovering subsystems at path /Users/dylantalmood/Documents/GitHub/CS178UnityProject/Tomb of the Damned/Assets
GfxDevice: creating device client; threaded=0; jobified=0
 preferred device: Apple M1 Pro (high power)
Metal devices available: 1
0: Apple M1 Pro (high power)
Using device Apple M1 Pro (high power)
Initializing Metal device caps: Apple M1 Pro
Initialize mono
Mono path[0] = '/Applications/Unity/Hub/Editor/2022.3.11f1/Unity.app/Contents/Managed'
Mono path[1] = '/Applications/Unity/Hub/Editor/2022.3.11f1/Unity.app/Contents/MonoBleedingEdge/lib/mono/unityjit-macos'
Mono config path = '/Applications/Unity/Hub/Editor/2022.3.11f1/Unity.app/Contents/MonoBleedingEdge/etc'
Using monoOptions --debugger-agent=transport=dt_socket,embedding=1,server=y,suspend=n,address=127.0.0.1:56282
Begin MonoManager ReloadAssembly
Registering precompiled unity dll's ...
Register platform support module: /Applications/Unity/Hub/Editor/2022.3.11f1/PlaybackEngines/WebGLSupport/UnityEditor.WebGL.Extensions.dll
Register platform support module: /Applications/Unity/Hub/Editor/2022.3.11f1/Unity.app/Contents/PlaybackEngines/MacStandaloneSupport/UnityEditor.OSXStandalone.Extensions.dll
Registered in 0.001404 seconds.
- Loaded All Assemblies, in  0.239 seconds
Native extension for OSXStandalone target not found
Native extension for WebGL target not found
Mono: successfully reloaded assembly
- Finished resetting the current domain, in  0.181 seconds
Domain Reload Profiling: 420ms
	BeginReloadAssembly (50ms)
		ExecutionOrderSort (0ms)
		DisableScriptedObjects (0ms)
		BackupInstance (0ms)
		ReleaseScriptingObjects (0ms)
		CreateAndSetChildDomain (0ms)
	RebuildCommonClasses (28ms)
	RebuildNativeTypeToScriptingClass (9ms)
	initialDomainReloadingComplete (34ms)
	LoadAllAssembliesAndSetupDomain (117ms)
		LoadAssemblies (50ms)
		RebuildTransferFunctionScriptingTraits (0ms)
		AnalyzeDomain (116ms)
			TypeCache.Refresh (115ms)
				TypeCache.ScanAssembly (105ms)
			ScanForSourceGeneratedMonoScriptInfo (0ms)
			ResolveRequiredComponents (0ms)
	FinalizeReload (181ms)
		ReleaseScriptCaches (0ms)
		RebuildScriptCaches (0ms)
		SetupLoadedEditorAssemblies (131ms)
			LogAssemblyErrors (0ms)
			InitializePlatformSupportModulesInManaged (6ms)
			SetLoadedEditorAssemblies (5ms)
			RefreshPlugins (0ms)
			BeforeProcessingInitializeOnLoad (1ms)
			ProcessInitializeOnLoadAttributes (89ms)
			ProcessInitializeOnLoadMethodAttributes (30ms)
			AfterProcessingInitializeOnLoad (0ms)
			EditorAssembliesLoaded (0ms)
		ExecutionOrderSort2 (0ms)
		AwakeInstancesAfterBackupRestoration (0ms)
========================================================================
Worker process is ready to serve import requests
Begin MonoManager ReloadAssembly
- Loaded All Assemblies, in  0.690 seconds
Refreshing native plugins compatible for Editor in 1.59 ms, found 2 plugins.
Native extension for OSXStandalone target not found
Native extension for WebGL target not found
Package Manager log level set to [2]
[Package Manager] Server::EnsureServerProcessIsRunning -- launch failed, reason: Unity was launched with the -noUpm command-line argument
[Package Manager] UpmClient::Send -- Unable to send message (not connected to UPM process).
[Package Manager] Cannot connect to Unity Package Manager local server
Mono: successfully reloaded assembly
- Finished resetting the current domain, in  0.598 seconds
Domain Reload Profiling: 1291ms
	BeginReloadAssembly (81ms)
		ExecutionOrderSort (0ms)
		DisableScriptedObjects (3ms)
		BackupInstance (0ms)
		ReleaseScriptingObjects (0ms)
		CreateAndSetChildDomain (17ms)
	RebuildCommonClasses (29ms)
	RebuildNativeTypeToScriptingClass (9ms)
	initialDomainReloadingComplete (28ms)
	LoadAllAssembliesAndSetupDomain (546ms)
		LoadAssemblies (342ms)
		RebuildTransferFunctionScriptingTraits (0ms)
		AnalyzeDomain (234ms)
			TypeCache.Refresh (207ms)
				TypeCache.ScanAssembly (188ms)
			ScanForSourceGeneratedMonoScriptInfo (17ms)
			ResolveRequiredComponents (8ms)
	FinalizeReload (598ms)
		ReleaseScriptCaches (0ms)
		RebuildScriptCaches (0ms)
		SetupLoadedEditorAssemblies (431ms)
			LogAssemblyErrors (0ms)
			InitializePlatformSupportModulesInManaged (3ms)
			SetLoadedEditorAssemblies (5ms)
			RefreshPlugins (0ms)
			BeforeProcessingInitializeOnLoad (69ms)
			ProcessInitializeOnLoadAttributes (330ms)
			ProcessInitializeOnLoadMethodAttributes (23ms)
			AfterProcessingInitializeOnLoad (1ms)
			EditorAssembliesLoaded (0ms)
		ExecutionOrderSort2 (0ms)
		AwakeInstancesAfterBackupRestoration (3ms)
Launching external process: /Applications/Unity/Hub/Editor/2022.3.11f1/Unity.app/Contents/Tools/UnityShaderCompiler
Launched and connected shader compiler UnityShaderCompiler after 0.05 seconds
Refreshing native plugins compatible for Editor in 2.14 ms, found 2 plugins.
Preloading 0 native plugins for Editor in 0.00 ms.
Unloading 6812 Unused Serialized files (Serialized files now loaded: 0)
Unloading 238 unused Assets / (12.3 MB). Loaded Objects now: 7158.
Memory consumption went from 333.4 MB to 321.1 MB.
Total: 5.785875 ms (FindLiveObjects: 0.248583 ms CreateObjectMapping: 0.089084 ms MarkObjects: 2.808875 ms  DeleteObjects: 2.638875 ms)

AssetImportParameters requested are different than current active one (requested -> active):
  custom:container-demuxer-ogg: 62fdf1f143b41e24485cea50d1cbac27 -> 
  custom:container-muxer-webm: aa71ff27fc2769a1b78a27578f13a17b -> 
  custom:video-decoder-webm-vp8: 9c59270c3fd7afecdb556c50c9e8de78 -> 
  custom:SearchIndexIgnoredProperties: e643bd26f0fe6173181afceb89e7c659 -> 
  custom:AudioImporter_EditorPlatform: 3918e3fc78b5a79bad01e8451be0beb8 -> 
  custom:audio-decoder-ogg-vorbis: bf7c407c2cedff20999df2af8eb42d56 -> 
  custom:audio-encoder-webm-vorbis: bf7c407c2cedff20999df2af8eb42d56 -> 
  custom:video-decoder-ogg-theora: a1e56fd34408186e4bbccfd4996cb3dc -> 
  custom:CustomObjectIndexerAttribute: a3ef5dd2817f97addfee359851a9dba5 -> 
  custom:container-demuxer-webm: 4f35f7cbe854078d1ac9338744f61a02 -> 
  custom:framework-osx-AVFoundation: e770b220cccbd017edd2c1fefb359320 -> 
  custom:video-encoder-webm-vp8: eb34c28f22e8b96e1ab97ce403110664 -> 
========================================================================
Received Import Request.
  Time since last request: 383427.715091 seconds.
  path: Assets/Footsteps - Essentials/Footsteps_Sand/Footsteps_Sand_Walk/Footsteps_Sand_Walk_14.wav
  artifactKey: Guid(2e3cf5793eea2204cb2c8f93717c3938) Importer(815301076,1909f56bfc062723c751e8b465ee728b)
Start importing Assets/Footsteps - Essentials/Footsteps_Sand/Footsteps_Sand_Walk/Footsteps_Sand_Walk_14.wav using Guid(2e3cf5793eea2204cb2c8f93717c3938) Importer(815301076,1909f56bfc062723c751e8b465ee728b)  -> (artifact id: 'd1b3ccc37c72502809b1bb1bbc47d49e') in 0.065627 seconds
Number of updated asset objects reloaded before import = 0
Number of asset objects unloaded after import = 2
========================================================================
Received Import Request.
  Time since last request: 0.000064 seconds.
  path: Assets/Footsteps - Essentials/Footsteps_Sand/Footsteps_Sand_Walk/Footsteps_Sand_Walk_11.wav
  artifactKey: Guid(8bf91c27647502141bb5335b3069b330) Importer(815301076,1909f56bfc062723c751e8b465ee728b)
Start importing Assets/Footsteps - Essentials/Footsteps_Sand/Footsteps_Sand_Walk/Footsteps_Sand_Walk_11.wav using Guid(8bf91c27647502141bb5335b3069b330) Importer(815301076,1909f56bfc062723c751e8b465ee728b)  -> (artifact id: 'b2fe7820b08067ad797acfcc1f80e3d3') in 0.004575 seconds
Number of updated asset objects reloaded before import = 0
Number of asset objects unloaded after import = 2
========================================================================
Received Import Request.
  Time since last request: 0.000081 seconds.
  path: Assets/Footsteps - Essentials/Footsteps_Sand/Footsteps_Sand_Walk/Footsteps_Sand_Walk_12.wav
  artifactKey: Guid(fcb08ad9aae12794684aee4e24491861) Importer(815301076,1909f56bfc062723c751e8b465ee728b)
Start importing Assets/Footsteps - Essentials/Footsteps_Sand/Footsteps_Sand_Walk/Footsteps_Sand_Walk_12.wav using Guid(fcb08ad9aae12794684aee4e24491861) Importer(815301076,1909f56bfc062723c751e8b465ee728b)  -> (artifact id: 'f597d70bd91fb12b0b1144fe5d069f02') in 0.006652 seconds
Number of updated asset objects reloaded before import = 0
Number of asset objects unloaded after import = 2
========================================================================
Received Import Request.
  Time since last request: 0.000181 seconds.
  path: Assets/Footsteps - Essentials/Footsteps_Sand/Footsteps_Sand_Walk/Footsteps_Sand_Walk_01.wav
  artifactKey: Guid(557e96b16076cb84285c90941906b44c) Importer(815301076,1909f56bfc062723c751e8b465ee728b)
Start importing Assets/Footsteps - Essentials/Footsteps_Sand/Footsteps_Sand_Walk/Footsteps_Sand_Walk_01.wav using Guid(557e96b16076cb84285c90941906b44c) Importer(815301076,1909f56bfc062723c751e8b465ee728b)  -> (artifact id: '3e1f59f320be13eb2c1966902e2da794') in 0.005843 seconds
Number of updated asset objects reloaded before import = 0
Number of asset objects unloaded after import = 2
========================================================================
Received Import Request.
  Time since last request: 0.000062 seconds.
  path: Assets/Footsteps - Essentials/Footsteps_Sand/Footsteps_Sand_Walk/Footsteps_Sand_Walk_20.wav
  artifactKey: Guid(39b25c6fb65fbde4f9f3534899953f28) Importer(815301076,1909f56bfc062723c751e8b465ee728b)
Start importing Assets/Footsteps - Essentials/Footsteps_Sand/Footsteps_Sand_Walk/Footsteps_Sand_Walk_20.wav using Guid(39b25c6fb65fbde4f9f3534899953f28) Importer(815301076,1909f56bfc062723c751e8b465ee728b)  -> (artifact id: 'df97ee3c6a0a6e5dd4f6e967237fd6fe') in 0.004040 seconds
Number of updated asset objects reloaded before import = 0
Number of asset objects unloaded after import = 2
========================================================================
Received Import Request.
  Time since last request: 7.170389 seconds.
  path: Assets/Footsteps - Essentials/Footsteps_Sand/Footsteps_Sand_Jump/Footsteps_Sand_Jump_Land_01.wav
  artifactKey: Guid(9064dac268872fd48bf90e84554267ab) Importer(815301076,1909f56bfc062723c751e8b465ee728b)
Start importing Assets/Footsteps - Essentials/Footsteps_Sand/Footsteps_Sand_Jump/Footsteps_Sand_Jump_Land_01.wav using Guid(9064dac268872fd48bf90e84554267ab) Importer(815301076,1909f56bfc062723c751e8b465ee728b)  -> (artifact id: '00663add6c8cd27a9d1f737a431551a0') in 0.004939 seconds
Number of updated asset objects reloaded before import = 0
Number of asset objects unloaded after import = 2
========================================================================
Received Import Request.
  Time since last request: 0.000165 seconds.
  path: Assets/Footsteps - Essentials/Footsteps_Sand/Footsteps_Sand_Jump/Footsteps_Sand_Jump_Start_02.wav
  artifactKey: Guid(64a62780b84db9645b00e69eb0621928) Importer(815301076,1909f56bfc062723c751e8b465ee728b)
Start importing Assets/Footsteps - Essentials/Footsteps_Sand/Footsteps_Sand_Jump/Footsteps_Sand_Jump_Start_02.wav using Guid(64a62780b84db9645b00e69eb0621928) Importer(815301076,1909f56bfc062723c751e8b465ee728b)  -> (artifact id: '0bea3a7a95732b0fae27fcfdee97a2cc') in 0.004344 seconds
Number of updated asset objects reloaded before import = 0
Number of asset objects unloaded after import = 2
========================================================================
Received Import Request.
  Time since last request: 0.000111 seconds.
  path: Assets/Footsteps - Essentials/Footsteps_Sand/Footsteps_Sand_Jump/Footsteps_Sand_Jump_Start_01.wav
  artifactKey: Guid(b120cc7d7055a284ea89422d100043e0) Importer(815301076,1909f56bfc062723c751e8b465ee728b)
Start importing Assets/Footsteps - Essentials/Footsteps_Sand/Footsteps_Sand_Jump/Footsteps_Sand_Jump_Start_01.wav using Guid(b120cc7d7055a284ea89422d100043e0) Importer(815301076,1909f56bfc062723c751e8b465ee728b)  -> (artifact id: 'f86a61d7bdd70df579872e5c1debd371') in 0.003847 seconds
Number of updated asset objects reloaded before import = 0
Number of asset objects unloaded after import = 2
========================================================================
Received Import Request.
  Time since last request: 8.974013 seconds.
  path: Assets/FootStepCollection/Sand.asset
  artifactKey: Guid(fbd754a60e72a4d26a0be1459c92de85) Importer(815301076,1909f56bfc062723c751e8b465ee728b)
Start importing Assets/FootStepCollection/Sand.asset using Guid(fbd754a60e72a4d26a0be1459c92de85) Importer(815301076,1909f56bfc062723c751e8b465ee728b)  -> (artifact id: 'b2a8a51fb6eecec6a904eac806b0e0db') in 0.001527 seconds
Number of updated asset objects reloaded before import = 0
Number of asset objects unloaded after import = 7
========================================================================
Received Prepare
Begin MonoManager ReloadAssembly
Thread 0x2b8087000 may have been prematurely finalized
- Loaded All Assemblies, in  0.317 seconds
Refreshing native plugins compatible for Editor in 0.94 ms, found 2 plugins.
Native extension for OSXStandalone target not found
Native extension for WebGL target not found
[Package Manager] Server::EnsureServerProcessIsRunning -- launch failed, reason: Unity was launched with the -noUpm command-line argument
[Package Manager] UpmClient::Send -- Unable to send message (not connected to UPM process).
[Package Manager] Cannot connect to Unity Package Manager local server
Mono: successfully reloaded assembly
- Finished resetting the current domain, in  0.697 seconds
Domain Reload Profiling: 1015ms
	BeginReloadAssembly (87ms)
		ExecutionOrderSort (0ms)
		DisableScriptedObjects (2ms)
		BackupInstance (0ms)
		ReleaseScriptingObjects (0ms)
		CreateAndSetChildDomain (34ms)
	RebuildCommonClasses (26ms)
	RebuildNativeTypeToScriptingClass (8ms)
	initialDomainReloadingComplete (15ms)
	LoadAllAssembliesAndSetupDomain (181ms)
		LoadAssemblies (155ms)
		RebuildTransferFunctionScriptingTraits (0ms)
		AnalyzeDomain (54ms)
			TypeCache.Refresh (9ms)
				TypeCache.ScanAssembly (0ms)
			ScanForSourceGeneratedMonoScriptInfo (35ms)
			ResolveRequiredComponents (9ms)
	FinalizeReload (697ms)
		ReleaseScriptCaches (0ms)
		RebuildScriptCaches (0ms)
		SetupLoadedEditorAssemblies (353ms)
			LogAssemblyErrors (0ms)
			InitializePlatformSupportModulesInManaged (3ms)
			SetLoadedEditorAssemblies (4ms)
			RefreshPlugins (0ms)
			BeforeProcessingInitializeOnLoad (67ms)
			ProcessInitializeOnLoadAttributes (262ms)
			ProcessInitializeOnLoadMethodAttributes (16ms)
			AfterProcessingInitializeOnLoad (1ms)
			EditorAssembliesLoaded (0ms)
		ExecutionOrderSort2 (0ms)
		AwakeInstancesAfterBackupRestoration (2ms)
Refreshing native plugins compatible for Editor in 1.36 ms, found 2 plugins.
Preloading 0 native plugins for Editor in 0.00 ms.
Unloading 6590 Unused Serialized files (Serialized files now loaded: 0)
Unloading 194 unused Assets / (12.3 MB). Loaded Objects now: 7171.
Memory consumption went from 287.4 MB to 275.1 MB.
Total: 3.768708 ms (FindLiveObjects: 0.208125 ms CreateObjectMapping: 0.079542 ms MarkObjects: 2.217625 ms  DeleteObjects: 1.262833 ms)

Prepare: number of updated asset objects reloaded= 0
AssetImportParameters requested are different than current active one (requested -> active):
  custom:container-demuxer-ogg: 62fdf1f143b41e24485cea50d1cbac27 -> 
  custom:container-muxer-webm: aa71ff27fc2769a1b78a27578f13a17b -> 
  custom:video-decoder-webm-vp8: 9c59270c3fd7afecdb556c50c9e8de78 -> 
  custom:SearchIndexIgnoredProperties: e643bd26f0fe6173181afceb89e7c659 -> 
  custom:AudioImporter_EditorPlatform: 3918e3fc78b5a79bad01e8451be0beb8 -> 
  custom:audio-decoder-ogg-vorbis: bf7c407c2cedff20999df2af8eb42d56 -> 
  custom:audio-encoder-webm-vorbis: bf7c407c2cedff20999df2af8eb42d56 -> 
  custom:video-decoder-ogg-theora: a1e56fd34408186e4bbccfd4996cb3dc -> 
  custom:CustomObjectIndexerAttribute: a3ef5dd2817f97addfee359851a9dba5 -> 
  custom:container-demuxer-webm: 4f35f7cbe854078d1ac9338744f61a02 -> 
  custom:framework-osx-AVFoundation: e770b220cccbd017edd2c1fefb359320 -> 
  custom:video-encoder-webm-vp8: eb34c28f22e8b96e1ab97ce403110664 -> 
========================================================================
Received Prepare
Begin MonoManager ReloadAssembly
Thread 0x16d9ef000 may have been prematurely finalized
- Loaded All Assemblies, in  0.317 seconds
Refreshing native plugins compatible for Editor in 0.97 ms, found 2 plugins.
Native extension for OSXStandalone target not found
Native extension for WebGL target not found
[Package Manager] Server::EnsureServerProcessIsRunning -- launch failed, reason: Unity was launched with the -noUpm command-line argument
[Package Manager] UpmClient::Send -- Unable to send message (not connected to UPM process).
[Package Manager] Cannot connect to Unity Package Manager local server
Mono: successfully reloaded assembly
- Finished resetting the current domain, in  0.693 seconds
Domain Reload Profiling: 1011ms
	BeginReloadAssembly (90ms)
		ExecutionOrderSort (0ms)
		DisableScriptedObjects (2ms)
		BackupInstance (0ms)
		ReleaseScriptingObjects (0ms)
		CreateAndSetChildDomain (36ms)
	RebuildCommonClasses (27ms)
	RebuildNativeTypeToScriptingClass (9ms)
	initialDomainReloadingComplete (14ms)
	LoadAllAssembliesAndSetupDomain (178ms)
		LoadAssemblies (156ms)
		RebuildTransferFunctionScriptingTraits (0ms)
		AnalyzeDomain (51ms)
			TypeCache.Refresh (8ms)
				TypeCache.ScanAssembly (0ms)
			ScanForSourceGeneratedMonoScriptInfo (34ms)
			ResolveRequiredComponents (8ms)
	FinalizeReload (693ms)
		ReleaseScriptCaches (0ms)
		RebuildScriptCaches (0ms)
		SetupLoadedEditorAssemblies (365ms)
			LogAssemblyErrors (0ms)
			InitializePlatformSupportModulesInManaged (3ms)
			SetLoadedEditorAssemblies (4ms)
			RefreshPlugins (0ms)
			BeforeProcessingInitializeOnLoad (61ms)
			ProcessInitializeOnLoadAttributes (277ms)
			ProcessInitializeOnLoadMethodAttributes (19ms)
			AfterProcessingInitializeOnLoad (1ms)
			EditorAssembliesLoaded (0ms)
		ExecutionOrderSort2 (0ms)
		AwakeInstancesAfterBackupRestoration (2ms)
Refreshing native plugins compatible for Editor in 0.93 ms, found 2 plugins.
Preloading 0 native plugins for Editor in 0.00 ms.
Unloading 6591 Unused Serialized files (Serialized files now loaded: 0)
Unloading 194 unused Assets / (12.3 MB). Loaded Objects now: 7174.
Memory consumption went from 291.7 MB to 279.4 MB.
Total: 3.898708 ms (FindLiveObjects: 0.221708 ms CreateObjectMapping: 0.081167 ms MarkObjects: 2.330833 ms  DeleteObjects: 1.264250 ms)

Prepare: number of updated asset objects reloaded= 0
AssetImportParameters requested are different than current active one (requested -> active):
  custom:container-demuxer-ogg: 62fdf1f143b41e24485cea50d1cbac27 -> 
  custom:container-muxer-webm: aa71ff27fc2769a1b78a27578f13a17b -> 
  custom:video-decoder-webm-vp8: 9c59270c3fd7afecdb556c50c9e8de78 -> 
  custom:SearchIndexIgnoredProperties: e643bd26f0fe6173181afceb89e7c659 -> 
  custom:AudioImporter_EditorPlatform: 3918e3fc78b5a79bad01e8451be0beb8 -> 
  custom:audio-decoder-ogg-vorbis: bf7c407c2cedff20999df2af8eb42d56 -> 
  custom:audio-encoder-webm-vorbis: bf7c407c2cedff20999df2af8eb42d56 -> 
  custom:video-decoder-ogg-theora: a1e56fd34408186e4bbccfd4996cb3dc -> 
  custom:CustomObjectIndexerAttribute: a3ef5dd2817f97addfee359851a9dba5 -> 
  custom:container-demuxer-webm: 4f35f7cbe854078d1ac9338744f61a02 -> 
  custom:framework-osx-AVFoundation: e770b220cccbd017edd2c1fefb359320 -> 
  custom:video-encoder-webm-vp8: eb34c28f22e8b96e1ab97ce403110664 -> 
========================================================================
Received Import Request.
  Time since last request: 328.703558 seconds.
  path: Assets/Footsteps - Essentials/Footsteps_Gravel/Footsteps_Gravel_Walk/Footsteps_Gravel_Walk_01.wav
  artifactKey: Guid(5461cae585b64f64089805f0d313bc84) Importer(815301076,1909f56bfc062723c751e8b465ee728b)
Start importing Assets/Footsteps - Essentials/Footsteps_Gravel/Footsteps_Gravel_Walk/Footsteps_Gravel_Walk_01.wav using Guid(5461cae585b64f64089805f0d313bc84) Importer(815301076,1909f56bfc062723c751e8b465ee728b)  -> (artifact id: 'd980b7f34104344d11dd1c7b6dad9537') in 0.035739 seconds
Number of updated asset objects reloaded before import = 0
Number of asset objects unloaded after import = 2
========================================================================
Received Import Request.
  Time since last request: 0.000087 seconds.
  path: Assets/Footsteps - Essentials/Footsteps_Gravel/Footsteps_Gravel_Walk/Footsteps_Gravel_Walk_06.wav
  artifactKey: Guid(2e14b3cc9c6906b42885675f3572d4b3) Importer(815301076,1909f56bfc062723c751e8b465ee728b)
Start importing Assets/Footsteps - Essentials/Footsteps_Gravel/Footsteps_Gravel_Walk/Footsteps_Gravel_Walk_06.wav using Guid(2e14b3cc9c6906b42885675f3572d4b3) Importer(815301076,1909f56bfc062723c751e8b465ee728b)  -> (artifact id: 'dbd77201b6e3b9f66e146936c42dc242') in 0.003716 seconds
Number of updated asset objects reloaded before import = 0
Number of asset objects unloaded after import = 2
========================================================================
Received Import Request.
  Time since last request: 0.000088 seconds.
  path: Assets/Footsteps - Essentials/Footsteps_Gravel/Footsteps_Gravel_Walk/Footsteps_Gravel_Walk_03.wav
  artifactKey: Guid(87d51f07abec0584d805bbe3708a7c71) Importer(815301076,1909f56bfc062723c751e8b465ee728b)
Start importing Assets/Footsteps - Essentials/Footsteps_Gravel/Footsteps_Gravel_Walk/Footsteps_Gravel_Walk_03.wav using Guid(87d51f07abec0584d805bbe3708a7c71) Importer(815301076,1909f56bfc062723c751e8b465ee728b)  -> (artifact id: 'faf12e940f2115949537ce631f1b3732') in 0.004126 seconds
Number of updated asset objects reloaded before import = 0
Number of asset objects unloaded after import = 2
========================================================================
Received Import Request.
  Time since last request: 0.000107 seconds.
  path: Assets/Footsteps - Essentials/Footsteps_Gravel/Footsteps_Gravel_Walk/Footsteps_Gravel_Walk_09.wav
  artifactKey: Guid(9b1f6289334342841afe6a5a8349e7ec) Importer(815301076,1909f56bfc062723c751e8b465ee728b)
Start importing Assets/Footsteps - Essentials/Footsteps_Gravel/Footsteps_Gravel_Walk/Footsteps_Gravel_Walk_09.wav using Guid(9b1f6289334342841afe6a5a8349e7ec) Importer(815301076,1909f56bfc062723c751e8b465ee728b)  -> (artifact id: 'a8976b2dc6a774097c2d4c6586998426') in 0.003597 seconds
Number of updated asset objects reloaded before import = 0
Number of asset objects unloaded after import = 2
========================================================================
Received Import Request.
  Time since last request: 0.000086 seconds.
  path: Assets/Footsteps - Essentials/Footsteps_Gravel/Footsteps_Gravel_Walk/Footsteps_Gravel_Walk_10.wav
  artifactKey: Guid(afeb90013e6764449ae1616f47705ff7) Importer(815301076,1909f56bfc062723c751e8b465ee728b)
Start importing Assets/Footsteps - Essentials/Footsteps_Gravel/Footsteps_Gravel_Walk/Footsteps_Gravel_Walk_10.wav using Guid(afeb90013e6764449ae1616f47705ff7) Importer(815301076,1909f56bfc062723c751e8b465ee728b)  -> (artifact id: 'dc8f4c4601395d54eab0083351995fcd') in 0.004092 seconds
Number of updated asset objects reloaded before import = 0
Number of asset objects unloaded after import = 2
========================================================================
Received Import Request.
  Time since last request: 8.992846 seconds.
  path: Assets/Footsteps - Essentials/Footsteps_Gravel/Footsteps_Gravel_Jump/Footsteps_Jump_Land_02.wav
  artifactKey: Guid(baf90d315c62c1648ba2901ff92db065) Importer(815301076,1909f56bfc062723c751e8b465ee728b)
Start importing Assets/Footsteps - Essentials/Footsteps_Gravel/Footsteps_Gravel_Jump/Footsteps_Jump_Land_02.wav using Guid(baf90d315c62c1648ba2901ff92db065) Importer(815301076,1909f56bfc062723c751e8b465ee728b)  -> (artifact id: '488740b868424e50c214681f80a565ad') in 0.005618 seconds
Number of updated asset objects reloaded before import = 0
Number of asset objects unloaded after import = 2
========================================================================
Received Import Request.
  Time since last request: 0.000097 seconds.
  path: Assets/Footsteps - Essentials/Footsteps_Gravel/Footsteps_Gravel_Jump/Footsteps_Jump_Start_03.wav
  artifactKey: Guid(f7d6941d3b847874686c2b6a80ab8a1b) Importer(815301076,1909f56bfc062723c751e8b465ee728b)
Start importing Assets/Footsteps - Essentials/Footsteps_Gravel/Footsteps_Gravel_Jump/Footsteps_Jump_Start_03.wav using Guid(f7d6941d3b847874686c2b6a80ab8a1b) Importer(815301076,1909f56bfc062723c751e8b465ee728b)  -> (artifact id: '84aae4d9418e6a6cdc69c0393bc8e7c5') in 0.004219 seconds
Number of updated asset objects reloaded before import = 0
Number of asset objects unloaded after import = 2
Editor requested this worker to shutdown with reason: Scaling down because of idle timeout
TcpMessagingSession - receive error: operation aborted. errorcode: 89, details: Operation aborted.
AssetImportWorker is now disconnected from the server
Process exiting
