Using pre-set license
Built from '2022.3/staging' branch; Version is '2022.3.11f1 (d00248457e15) revision 13632072'; Using compiler version '192829333'; Build Type 'Release'
OS: 'Windows 11  (10.0.22621) 64bit Core' Language: 'en' Physical Memory: 16085 MB
BatchMode: 1, IsHumanControllingUs: 0, StartBugReporterOnCrash: 0, Is64bit: 1, IsPro: 1

COMMAND LINE ARGUMENTS:
C:\Program Files\Unity\Hub\Editor\2022.3.11f1\Editor\Unity.exe
-adb2
-batchMode
-noUpm
-name
AssetImportWorker3
-projectPath
C:/Users/njsan/Desktop/CS178UnityProject/CS178UnityProject/Tomb of the Damned
-logFile
Logs/AssetImportWorker3.log
-srvPort
49994
Successfully changed project path to: C:/Users/njsan/Desktop/CS178UnityProject/CS178UnityProject/Tomb of the Damned
C:/Users/njsan/Desktop/CS178UnityProject/CS178UnityProject/Tomb of the Damned
[UnityMemory] Configuration Parameters - Can be set up in boot.config
    "memorysetup-bucket-allocator-granularity=16"
    "memorysetup-bucket-allocator-bucket-count=8"
    "memorysetup-bucket-allocator-block-size=33554432"
    "memorysetup-bucket-allocator-block-count=8"
    "memorysetup-main-allocator-block-size=16777216"
    "memorysetup-thread-allocator-block-size=16777216"
    "memorysetup-gfx-main-allocator-block-size=16777216"
    "memorysetup-gfx-thread-allocator-block-size=16777216"
    "memorysetup-cache-allocator-block-size=4194304"
    "memorysetup-typetree-allocator-block-size=2097152"
    "memorysetup-profiler-bucket-allocator-granularity=16"
    "memorysetup-profiler-bucket-allocator-bucket-count=8"
    "memorysetup-profiler-bucket-allocator-block-size=33554432"
    "memorysetup-profiler-bucket-allocator-block-count=8"
    "memorysetup-profiler-allocator-block-size=16777216"
    "memorysetup-profiler-editor-allocator-block-size=1048576"
    "memorysetup-temp-allocator-size-main=16777216"
    "memorysetup-job-temp-allocator-block-size=2097152"
    "memorysetup-job-temp-allocator-block-size-background=1048576"
    "memorysetup-job-temp-allocator-reduction-small-platforms=262144"
    "memorysetup-allocator-temp-initial-block-size-main=262144"
    "memorysetup-allocator-temp-initial-block-size-worker=262144"
    "memorysetup-temp-allocator-size-background-worker=32768"
    "memorysetup-temp-allocator-size-job-worker=262144"
    "memorysetup-temp-allocator-size-preload-manager=33554432"
    "memorysetup-temp-allocator-size-nav-mesh-worker=65536"
    "memorysetup-temp-allocator-size-audio-worker=65536"
    "memorysetup-temp-allocator-size-cloud-worker=32768"
    "memorysetup-temp-allocator-size-gi-baking-worker=262144"
    "memorysetup-temp-allocator-size-gfx=262144"
Player connection [31692] Host "[IP] 10.191.133.63 [Port] 0 [Flags] 2 [Guid] 1230451307 [EditorId] 1230451307 [Version] 1048832 [Id] WindowsEditor(7,MSI) [Debug] 1 [PackageName] WindowsEditor [ProjectName] Editor" joined multi-casting on [225.0.0.222:54997]...

Player connection [31692] Host "[IP] 10.191.133.63 [Port] 0 [Flags] 2 [Guid] 1230451307 [EditorId] 1230451307 [Version] 1048832 [Id] WindowsEditor(7,MSI) [Debug] 1 [PackageName] WindowsEditor [ProjectName] Editor" joined alternative multi-casting on [225.0.0.222:34997]...

[Physics::Module] Initialized MultithreadedJobDispatcher with 15 workers.
Refreshing native plugins compatible for Editor in 96.94 ms, found 3 plugins.
Preloading 0 native plugins for Editor in 0.00 ms.
Initialize engine version: 2022.3.11f1 (d00248457e15)
[Subsystems] Discovering subsystems at path C:/Program Files/Unity/Hub/Editor/2022.3.11f1/Editor/Data/Resources/UnitySubsystems
[Subsystems] Discovering subsystems at path C:/Users/njsan/Desktop/CS178UnityProject/CS178UnityProject/Tomb of the Damned/Assets
GfxDevice: creating device client; threaded=0; jobified=0
Direct3D:
    Version:  Direct3D 11.0 [level 11.1]
    Renderer: NVIDIA GeForce RTX 3080 Laptop GPU (ID=0x249c)
    Vendor:   NVIDIA
    VRAM:     8042 MB
    Driver:   30.0.14.7141
Initialize mono
Mono path[0] = 'C:/Program Files/Unity/Hub/Editor/2022.3.11f1/Editor/Data/Managed'
Mono path[1] = 'C:/Program Files/Unity/Hub/Editor/2022.3.11f1/Editor/Data/MonoBleedingEdge/lib/mono/unityjit-win32'
Mono config path = 'C:/Program Files/Unity/Hub/Editor/2022.3.11f1/Editor/Data/MonoBleedingEdge/etc'
Using monoOptions --debugger-agent=transport=dt_socket,embedding=1,server=y,suspend=n,address=127.0.0.1:56084
Begin MonoManager ReloadAssembly
Registering precompiled unity dll's ...
Register platform support module: C:/Program Files/Unity/Hub/Editor/2022.3.11f1/Editor/Data/PlaybackEngines/WindowsStandaloneSupport/UnityEditor.WindowsStandalone.Extensions.dll
Registered in 0.006816 seconds.
- Loaded All Assemblies, in  0.307 seconds
Native extension for WindowsStandalone target not found
Mono: successfully reloaded assembly
- Finished resetting the current domain, in  0.209 seconds
Domain Reload Profiling: 514ms
	BeginReloadAssembly (92ms)
		ExecutionOrderSort (0ms)
		DisableScriptedObjects (0ms)
		BackupInstance (0ms)
		ReleaseScriptingObjects (0ms)
		CreateAndSetChildDomain (1ms)
	RebuildCommonClasses (31ms)
	RebuildNativeTypeToScriptingClass (9ms)
	initialDomainReloadingComplete (48ms)
	LoadAllAssembliesAndSetupDomain (126ms)
		LoadAssemblies (90ms)
		RebuildTransferFunctionScriptingTraits (0ms)
		AnalyzeDomain (125ms)
			TypeCache.Refresh (123ms)
				TypeCache.ScanAssembly (113ms)
			ScanForSourceGeneratedMonoScriptInfo (0ms)
			ResolveRequiredComponents (0ms)
	FinalizeReload (209ms)
		ReleaseScriptCaches (0ms)
		RebuildScriptCaches (0ms)
		SetupLoadedEditorAssemblies (163ms)
			LogAssemblyErrors (0ms)
			InitializePlatformSupportModulesInManaged (8ms)
			SetLoadedEditorAssemblies (5ms)
			RefreshPlugins (0ms)
			BeforeProcessingInitializeOnLoad (2ms)
			ProcessInitializeOnLoadAttributes (99ms)
			ProcessInitializeOnLoadMethodAttributes (49ms)
			AfterProcessingInitializeOnLoad (0ms)
			EditorAssembliesLoaded (0ms)
		ExecutionOrderSort2 (0ms)
		AwakeInstancesAfterBackupRestoration (0ms)
========================================================================
Worker process is ready to serve import requests
Begin MonoManager ReloadAssembly
- Loaded All Assemblies, in  0.750 seconds
Refreshing native plugins compatible for Editor in 4.43 ms, found 3 plugins.
Native extension for WindowsStandalone target not found
Package Manager log level set to [2]
[Package Manager] Server::EnsureServerProcessIsRunning -- launch failed, reason: Unity was launched with the -noUpm command-line argument
[Package Manager] UpmClient::Send -- Unable to send message (not connected to UPM process).
[Package Manager] Cannot connect to Unity Package Manager local server
Mono: successfully reloaded assembly
- Finished resetting the current domain, in  0.632 seconds
Domain Reload Profiling: 1380ms
	BeginReloadAssembly (119ms)
		ExecutionOrderSort (0ms)
		DisableScriptedObjects (6ms)
		BackupInstance (0ms)
		ReleaseScriptingObjects (0ms)
		CreateAndSetChildDomain (18ms)
	RebuildCommonClasses (28ms)
	RebuildNativeTypeToScriptingClass (11ms)
	initialDomainReloadingComplete (33ms)
	LoadAllAssembliesAndSetupDomain (557ms)
		LoadAssemblies (382ms)
		RebuildTransferFunctionScriptingTraits (0ms)
		AnalyzeDomain (240ms)
			TypeCache.Refresh (205ms)
				TypeCache.ScanAssembly (187ms)
			ScanForSourceGeneratedMonoScriptInfo (25ms)
			ResolveRequiredComponents (8ms)
	FinalizeReload (632ms)
		ReleaseScriptCaches (0ms)
		RebuildScriptCaches (0ms)
		SetupLoadedEditorAssemblies (484ms)
			LogAssemblyErrors (0ms)
			InitializePlatformSupportModulesInManaged (5ms)
			SetLoadedEditorAssemblies (4ms)
			RefreshPlugins (0ms)
			BeforeProcessingInitializeOnLoad (69ms)
			ProcessInitializeOnLoadAttributes (370ms)
			ProcessInitializeOnLoadMethodAttributes (30ms)
			AfterProcessingInitializeOnLoad (6ms)
			EditorAssembliesLoaded (0ms)
		ExecutionOrderSort2 (0ms)
		AwakeInstancesAfterBackupRestoration (5ms)
Launched and connected shader compiler UnityShaderCompiler.exe after 0.04 seconds
Refreshing native plugins compatible for Editor in 4.93 ms, found 3 plugins.
Preloading 0 native plugins for Editor in 0.00 ms.
Unloading 6816 Unused Serialized files (Serialized files now loaded: 0)
Unloading 236 unused Assets / (14.6 MB). Loaded Objects now: 7162.
Memory consumption went from 318.3 MB to 303.7 MB.
Total: 8.969500 ms (FindLiveObjects: 0.792300 ms CreateObjectMapping: 0.622900 ms MarkObjects: 4.182800 ms  DeleteObjects: 3.370100 ms)

AssetImportParameters requested are different than current active one (requested -> active):
  custom:container-demuxer-ogg: 62fdf1f143b41e24485cea50d1cbac27 -> 
  custom:framework-win-MediaFoundation: 216162199b28c13a410421893ffa2e32 -> 
  custom:container-muxer-webm: aa71ff27fc2769a1b78a27578f13a17b -> 
  custom:video-decoder-webm-vp8: 9c59270c3fd7afecdb556c50c9e8de78 -> 
  custom:SearchIndexIgnoredProperties: e643bd26f0fe6173181afceb89e7c659 -> 
  custom:AudioImporter_EditorPlatform: d09bf68614088b80899f8185d706f6e7 -> 
  custom:audio-decoder-ogg-vorbis: bf7c407c2cedff20999df2af8eb42d56 -> 
  custom:audio-encoder-webm-vorbis: bf7c407c2cedff20999df2af8eb42d56 -> 
  custom:video-decoder-ogg-theora: a1e56fd34408186e4bbccfd4996cb3dc -> 
  custom:CustomObjectIndexerAttribute: a3ef5dd2817f97addfee359851a9dba5 -> 
  custom:scripting/monoscript/fileName/InventoryOb.cs: 7f47ddeb56b7ca7fc807bcd9f6a3fca9 -> 
  custom:container-demuxer-webm: 4f35f7cbe854078d1ac9338744f61a02 -> 
  custom:video-encoder-webm-vp8: eb34c28f22e8b96e1ab97ce403110664 -> 
========================================================================
Received Import Request.
  Time since last request: 816051.985702 seconds.
  path: Assets/Multistory Dungeons 2/Prefabs/Props/Barrels_Preset_02.prefab
  artifactKey: Guid(c0ec564d1f2148c99703100107fde91c) Importer(815301076,1909f56bfc062723c751e8b465ee728b)
Start importing Assets/Multistory Dungeons 2/Prefabs/Props/Barrels_Preset_02.prefab using Guid(c0ec564d1f2148c99703100107fde91c) Importer(815301076,1909f56bfc062723c751e8b465ee728b)  -> (artifact id: 'e87690276d567fd92900db7ae321ca09') in 0.139647 seconds
Number of updated asset objects reloaded before import = 0
Number of asset objects unloaded after import = 15
========================================================================
Received Import Request.
  Time since last request: 0.000019 seconds.
  path: Assets/Multistory Dungeons 2/Prefabs/Props/Candlestick_Floor_01_Lit.prefab
  artifactKey: Guid(aa299f61244143f084a68a37435cb7c4) Importer(815301076,1909f56bfc062723c751e8b465ee728b)
Start importing Assets/Multistory Dungeons 2/Prefabs/Props/Candlestick_Floor_01_Lit.prefab using Guid(aa299f61244143f084a68a37435cb7c4) Importer(815301076,1909f56bfc062723c751e8b465ee728b)  -> (artifact id: 'e20fbb6b375ae78d8080bc433c32fd07') in 0.047759 seconds
Number of updated asset objects reloaded before import = 0
Number of asset objects unloaded after import = 49
========================================================================
Received Import Request.
  Time since last request: 0.000028 seconds.
  path: Assets/Multistory Dungeons 2/Prefabs/Props/Candle_04.prefab
  artifactKey: Guid(1960faf6eb584ed791bfca46bf40ecf4) Importer(815301076,1909f56bfc062723c751e8b465ee728b)
Start importing Assets/Multistory Dungeons 2/Prefabs/Props/Candle_04.prefab using Guid(1960faf6eb584ed791bfca46bf40ecf4) Importer(815301076,1909f56bfc062723c751e8b465ee728b)  -> (artifact id: 'de196880b9533cb8e1921dc373c6191e') in 0.042139 seconds
Number of updated asset objects reloaded before import = 0
Number of asset objects unloaded after import = 33
========================================================================
Received Import Request.
  Time since last request: 0.000021 seconds.
  path: Assets/Multistory Dungeons 2/Prefabs/Props/Candle_03.prefab
  artifactKey: Guid(bd3e98b7af3649949b2bbab0ea7fe8aa) Importer(815301076,1909f56bfc062723c751e8b465ee728b)
Start importing Assets/Multistory Dungeons 2/Prefabs/Props/Candle_03.prefab using Guid(bd3e98b7af3649949b2bbab0ea7fe8aa) Importer(815301076,1909f56bfc062723c751e8b465ee728b)  -> (artifact id: '6ea4c45ac89e17e0e32fb6f4fffda4b9') in 0.021803 seconds
Number of updated asset objects reloaded before import = 0
Number of asset objects unloaded after import = 33
========================================================================
Received Import Request.
  Time since last request: 1.407109 seconds.
  path: Assets/Multistory Dungeons 2/Prefabs/Props/Books And Alchemy/Book_04.prefab
  artifactKey: Guid(197a3bf124274ac5a1dd23cf272a9a3a) Importer(815301076,1909f56bfc062723c751e8b465ee728b)
Start importing Assets/Multistory Dungeons 2/Prefabs/Props/Books And Alchemy/Book_04.prefab using Guid(197a3bf124274ac5a1dd23cf272a9a3a) Importer(815301076,1909f56bfc062723c751e8b465ee728b)  -> (artifact id: 'e3f1b92f867806b9f995c728595e8668') in 0.021954 seconds
Number of updated asset objects reloaded before import = 0
Number of asset objects unloaded after import = 12
========================================================================
Received Import Request.
  Time since last request: 0.000017 seconds.
  path: Assets/Multistory Dungeons 2/Prefabs/Props/Books And Alchemy/Flask_01.prefab
  artifactKey: Guid(5d77920e991c410ab2bec909ec78a579) Importer(815301076,1909f56bfc062723c751e8b465ee728b)
Start importing Assets/Multistory Dungeons 2/Prefabs/Props/Books And Alchemy/Flask_01.prefab using Guid(5d77920e991c410ab2bec909ec78a579) Importer(815301076,1909f56bfc062723c751e8b465ee728b)  -> (artifact id: 'd166c9ca07b3ba9c6859adfebdfc9713') in 0.019085 seconds
Number of updated asset objects reloaded before import = 0
Number of asset objects unloaded after import = 13
========================================================================
Received Import Request.
  Time since last request: 0.000014 seconds.
  path: Assets/Multistory Dungeons 2/Prefabs/Props/Books And Alchemy/Flask_05.prefab
  artifactKey: Guid(ca65590ee38a4f878c549a1c596e4137) Importer(815301076,1909f56bfc062723c751e8b465ee728b)
Start importing Assets/Multistory Dungeons 2/Prefabs/Props/Books And Alchemy/Flask_05.prefab using Guid(ca65590ee38a4f878c549a1c596e4137) Importer(815301076,1909f56bfc062723c751e8b465ee728b)  -> (artifact id: '1f303874cc7630e88db2e570bc44d88d') in 0.020226 seconds
Number of updated asset objects reloaded before import = 0
Number of asset objects unloaded after import = 13
========================================================================
Received Import Request.
  Time since last request: 0.000015 seconds.
  path: Assets/Multistory Dungeons 2/Prefabs/Props/Books And Alchemy/Books_Preset_05.prefab
  artifactKey: Guid(cfbebb7126464c7b9b9300fb0b51dfb1) Importer(815301076,1909f56bfc062723c751e8b465ee728b)
Start importing Assets/Multistory Dungeons 2/Prefabs/Props/Books And Alchemy/Books_Preset_05.prefab using Guid(cfbebb7126464c7b9b9300fb0b51dfb1) Importer(815301076,1909f56bfc062723c751e8b465ee728b)  -> (artifact id: '098c99f486268d5366173a35562f5096') in 0.023559 seconds
Number of updated asset objects reloaded before import = 0
Number of asset objects unloaded after import = 12
========================================================================
Received Import Request.
  Time since last request: 0.000018 seconds.
  path: Assets/Multistory Dungeons 2/Prefabs/Props/Books And Alchemy/Bottle_02.prefab
  artifactKey: Guid(36ac7bb4677d46aa8368525fc9a82bdf) Importer(815301076,1909f56bfc062723c751e8b465ee728b)
Start importing Assets/Multistory Dungeons 2/Prefabs/Props/Books And Alchemy/Bottle_02.prefab using Guid(36ac7bb4677d46aa8368525fc9a82bdf) Importer(815301076,1909f56bfc062723c751e8b465ee728b)  -> (artifact id: 'db576136131ba57f2383a02ea2c55f29') in 0.019932 seconds
Number of updated asset objects reloaded before import = 0
Number of asset objects unloaded after import = 12
========================================================================
Received Import Request.
  Time since last request: 0.000024 seconds.
  path: Assets/Multistory Dungeons 2/Prefabs/Props/Books And Alchemy/Flask_02.prefab
  artifactKey: Guid(a9c924e80c494a0187ef4b735a3c46b8) Importer(815301076,1909f56bfc062723c751e8b465ee728b)
Start importing Assets/Multistory Dungeons 2/Prefabs/Props/Books And Alchemy/Flask_02.prefab using Guid(a9c924e80c494a0187ef4b735a3c46b8) Importer(815301076,1909f56bfc062723c751e8b465ee728b)  -> (artifact id: '61854324fca0ed584e8ceab9ac182c65') in 0.018655 seconds
Number of updated asset objects reloaded before import = 0
Number of asset objects unloaded after import = 13
========================================================================
Received Import Request.
  Time since last request: 0.795397 seconds.
  path: Assets/Multistory Dungeons 2/Prefabs/Props/Books And Alchemy/Paper_03.prefab
  artifactKey: Guid(ec9920e44a9241b0bed559c0b9d90d5c) Importer(815301076,1909f56bfc062723c751e8b465ee728b)
Start importing Assets/Multistory Dungeons 2/Prefabs/Props/Books And Alchemy/Paper_03.prefab using Guid(ec9920e44a9241b0bed559c0b9d90d5c) Importer(815301076,1909f56bfc062723c751e8b465ee728b)  -> (artifact id: '40a8077d79561ffc549030ab4dee5033') in 0.022582 seconds
Number of updated asset objects reloaded before import = 0
Number of asset objects unloaded after import = 12
========================================================================
Received Import Request.
  Time since last request: 0.000015 seconds.
  path: Assets/Multistory Dungeons 2/Prefabs/Props/Books And Alchemy/Paper_04.prefab
  artifactKey: Guid(845c09bb5de54859a6c48651aa011c28) Importer(815301076,1909f56bfc062723c751e8b465ee728b)
Start importing Assets/Multistory Dungeons 2/Prefabs/Props/Books And Alchemy/Paper_04.prefab using Guid(845c09bb5de54859a6c48651aa011c28) Importer(815301076,1909f56bfc062723c751e8b465ee728b)  -> (artifact id: '4dfc83e6c32fb2faca0987e192282320') in 0.019919 seconds
Number of updated asset objects reloaded before import = 0
Number of asset objects unloaded after import = 12
========================================================================
Received Import Request.
  Time since last request: 2.159259 seconds.
  path: Assets/Multistory Dungeons 2/Prefabs/Props/Books And Alchemy/Potion_Blue_01.prefab
  artifactKey: Guid(6a61beb91ee14785add56c8d67ee6e6a) Importer(815301076,1909f56bfc062723c751e8b465ee728b)
Start importing Assets/Multistory Dungeons 2/Prefabs/Props/Books And Alchemy/Potion_Blue_01.prefab using Guid(6a61beb91ee14785add56c8d67ee6e6a) Importer(815301076,1909f56bfc062723c751e8b465ee728b)  -> (artifact id: 'bd27bf9cd1cffa4e7e9c936e2859a3d1') in 0.055363 seconds
Number of updated asset objects reloaded before import = 0
Number of asset objects unloaded after import = 13
========================================================================
Received Import Request.
  Time since last request: 0.000016 seconds.
  path: Assets/Multistory Dungeons 2/Prefabs/Props/Books And Alchemy/Potion_Red_01.prefab
  artifactKey: Guid(aaa89c406a964d7780afb86370e3860d) Importer(815301076,1909f56bfc062723c751e8b465ee728b)
Start importing Assets/Multistory Dungeons 2/Prefabs/Props/Books And Alchemy/Potion_Red_01.prefab using Guid(aaa89c406a964d7780afb86370e3860d) Importer(815301076,1909f56bfc062723c751e8b465ee728b)  -> (artifact id: '6aafe72767509dc8e81c1ee59d43630b') in 0.032679 seconds
Number of updated asset objects reloaded before import = 0
Number of asset objects unloaded after import = 13
========================================================================
Received Import Request.
  Time since last request: 3.892041 seconds.
  path: Assets/Multistory Dungeons 2/Textures/Atlas_Furniture_01_Specular.psd
  artifactKey: Guid(a09fb697519a4141b657b2a14a901ee0) Importer(815301076,1909f56bfc062723c751e8b465ee728b)
Start importing Assets/Multistory Dungeons 2/Textures/Atlas_Furniture_01_Specular.psd using Guid(a09fb697519a4141b657b2a14a901ee0) Importer(815301076,1909f56bfc062723c751e8b465ee728b)  -> (artifact id: 'b7337d916ef8d85b6c7744238665c640') in 0.029145 seconds
Number of updated asset objects reloaded before import = 0
Number of asset objects unloaded after import = 2
========================================================================
Received Import Request.
  Time since last request: 0.000020 seconds.
  path: Assets/Multistory Dungeons 2/Textures/Atlas_Props_02.psd
  artifactKey: Guid(96674c4c0c3248708166abf9d9fd90a7) Importer(815301076,1909f56bfc062723c751e8b465ee728b)
Start importing Assets/Multistory Dungeons 2/Textures/Atlas_Props_02.psd using Guid(96674c4c0c3248708166abf9d9fd90a7) Importer(815301076,1909f56bfc062723c751e8b465ee728b)  -> (artifact id: '57f69d2b86d1803df8c5e78c68cf03bc') in 0.021204 seconds
Number of updated asset objects reloaded before import = 0
Number of asset objects unloaded after import = 2
========================================================================
Received Import Request.
  Time since last request: 0.000034 seconds.
  path: Assets/Multistory Dungeons 2/Textures/FX_Halo_MD_01.psd
  artifactKey: Guid(a173d92367364427b85b75417d68db5f) Importer(815301076,1909f56bfc062723c751e8b465ee728b)
Start importing Assets/Multistory Dungeons 2/Textures/FX_Halo_MD_01.psd using Guid(a173d92367364427b85b75417d68db5f) Importer(815301076,1909f56bfc062723c751e8b465ee728b)  -> (artifact id: '36dbc53f99ff440b33d67e585ec76408') in 0.017760 seconds
Number of updated asset objects reloaded before import = 0
Number of asset objects unloaded after import = 2
========================================================================
Received Import Request.
  Time since last request: 0.000017 seconds.
  path: Assets/Multistory Dungeons 2/Textures/Atlas_Props_02_Specular.psd
  artifactKey: Guid(57d83ff8241d40f7adc94897a9bd289e) Importer(815301076,1909f56bfc062723c751e8b465ee728b)
Start importing Assets/Multistory Dungeons 2/Textures/Atlas_Props_02_Specular.psd using Guid(57d83ff8241d40f7adc94897a9bd289e) Importer(815301076,1909f56bfc062723c751e8b465ee728b)  -> (artifact id: '824c1dbdc5d7ed31700a26c97ee52a3a') in 0.017449 seconds
Number of updated asset objects reloaded before import = 0
Number of asset objects unloaded after import = 2
========================================================================
Received Import Request.
  Time since last request: 0.000015 seconds.
  path: Assets/Multistory Dungeons 2/Textures/Atlas_Props_01.psd
  artifactKey: Guid(ee6f3aaa6abf4ce1a3100b4b20eeca71) Importer(815301076,1909f56bfc062723c751e8b465ee728b)
Start importing Assets/Multistory Dungeons 2/Textures/Atlas_Props_01.psd using Guid(ee6f3aaa6abf4ce1a3100b4b20eeca71) Importer(815301076,1909f56bfc062723c751e8b465ee728b)  -> (artifact id: '5c693807a4fac266e2ad19cf90e8f87e') in 0.025081 seconds
Number of updated asset objects reloaded before import = 0
Number of asset objects unloaded after import = 2
========================================================================
Received Import Request.
  Time since last request: 50.314953 seconds.
  path: Assets/Materials/Orange.mat
  artifactKey: Guid(fd0ebfdd4d2bb4441a84b31d0f17dfcb) Importer(815301076,1909f56bfc062723c751e8b465ee728b)
Start importing Assets/Materials/Orange.mat using Guid(fd0ebfdd4d2bb4441a84b31d0f17dfcb) Importer(815301076,1909f56bfc062723c751e8b465ee728b)  -> (artifact id: '3a2b0ae790e14413bea7082c851bda54') in 0.046847 seconds
Number of updated asset objects reloaded before import = 0
Number of asset objects unloaded after import = 1
========================================================================
Received Import Request.
  Time since last request: 13.472639 seconds.
  path: Assets/Multistory Dungeons 2/Prefabs/Props/Lantern_01.prefab
  artifactKey: Guid(17167dc6dc844dad8cef726ac45a016a) Importer(815301076,1909f56bfc062723c751e8b465ee728b)
Start importing Assets/Multistory Dungeons 2/Prefabs/Props/Lantern_01.prefab using Guid(17167dc6dc844dad8cef726ac45a016a) Importer(815301076,1909f56bfc062723c751e8b465ee728b)  -> (artifact id: '311acf052d32a2997f8c676b36044274') in 0.034299 seconds
Number of updated asset objects reloaded before import = 0
Number of asset objects unloaded after import = 27
========================================================================
Received Import Request.
  Time since last request: 0.000024 seconds.
  path: Assets/Multistory Dungeons 2/Prefabs/Props/Lantern_Handheld_01.prefab
  artifactKey: Guid(c2b5621c0df447c6832963ba7245f335) Importer(815301076,1909f56bfc062723c751e8b465ee728b)
Start importing Assets/Multistory Dungeons 2/Prefabs/Props/Lantern_Handheld_01.prefab using Guid(c2b5621c0df447c6832963ba7245f335) Importer(815301076,1909f56bfc062723c751e8b465ee728b)  -> (artifact id: '1329d9d054bb0ed3684eb78ec6d89f1b') in 0.022392 seconds
Number of updated asset objects reloaded before import = 0
Number of asset objects unloaded after import = 34
========================================================================
Received Import Request.
  Time since last request: 17.899595 seconds.
  path: Assets/Multistory Dungeons 2/Meshes/SRC_Props/Candles_01.fbx
  artifactKey: Guid(ea055f48dd0d49b39582fe6f470b9f64) Importer(815301076,1909f56bfc062723c751e8b465ee728b)
Start importing Assets/Multistory Dungeons 2/Meshes/SRC_Props/Candles_01.fbx using Guid(ea055f48dd0d49b39582fe6f470b9f64) Importer(815301076,1909f56bfc062723c751e8b465ee728b)  -> (artifact id: '8aa7300839309f086be6d4c3737b04c1') in 0.050830 seconds
Number of updated asset objects reloaded before import = 0
Number of asset objects unloaded after import = 12
========================================================================
Received Import Request.
  Time since last request: 0.000017 seconds.
  path: Assets/Multistory Dungeons 2/Meshes/SRC_Props/Candlestick_01.fbx
  artifactKey: Guid(a813f7e7422f4290abbc769984ff3835) Importer(815301076,1909f56bfc062723c751e8b465ee728b)
Start importing Assets/Multistory Dungeons 2/Meshes/SRC_Props/Candlestick_01.fbx using Guid(a813f7e7422f4290abbc769984ff3835) Importer(815301076,1909f56bfc062723c751e8b465ee728b)  -> (artifact id: '5f0e4875b610c922b30e8b34293d26db') in 0.033406 seconds
Number of updated asset objects reloaded before import = 0
Number of asset objects unloaded after import = 12
========================================================================
Received Import Request.
  Time since last request: 0.000035 seconds.
  path: Assets/Multistory Dungeons 2/Meshes/SRC_Props/Chair_01.fbx
  artifactKey: Guid(970176150adc40e29c812bb7823d307a) Importer(815301076,1909f56bfc062723c751e8b465ee728b)
Start importing Assets/Multistory Dungeons 2/Meshes/SRC_Props/Chair_01.fbx using Guid(970176150adc40e29c812bb7823d307a) Importer(815301076,1909f56bfc062723c751e8b465ee728b)  -> (artifact id: '2d9ed750e01093e4b4477e8666cd9bd4') in 0.112500 seconds
Number of updated asset objects reloaded before import = 0
Number of asset objects unloaded after import = 11
========================================================================
Received Import Request.
  Time since last request: 0.000021 seconds.
  path: Assets/Multistory Dungeons 2/Meshes/SRC_Props/Candles_05.fbx
  artifactKey: Guid(3bd9b56765ed4e049f0714d927c8da39) Importer(815301076,1909f56bfc062723c751e8b465ee728b)
Start importing Assets/Multistory Dungeons 2/Meshes/SRC_Props/Candles_05.fbx using Guid(3bd9b56765ed4e049f0714d927c8da39) Importer(815301076,1909f56bfc062723c751e8b465ee728b)  -> (artifact id: '0c9d02c5f237c2b71d575dc538a4555c') in 0.017604 seconds
Number of updated asset objects reloaded before import = 0
Number of asset objects unloaded after import = 12
========================================================================
Received Import Request.
  Time since last request: 1.050668 seconds.
  path: Assets/Multistory Dungeons 2/Meshes/SRC_Props/Cupboard_Big_Preset_01.fbx
  artifactKey: Guid(1c38d32c6bd744e99fbcfc1335dac34d) Importer(815301076,1909f56bfc062723c751e8b465ee728b)
Start importing Assets/Multistory Dungeons 2/Meshes/SRC_Props/Cupboard_Big_Preset_01.fbx using Guid(1c38d32c6bd744e99fbcfc1335dac34d) Importer(815301076,1909f56bfc062723c751e8b465ee728b)  -> (artifact id: 'c876b9e94ac1fe97a34db8a7d8943246') in 0.050556 seconds
Number of updated asset objects reloaded before import = 0
Number of asset objects unloaded after import = 11
========================================================================
Received Import Request.
  Time since last request: 0.000020 seconds.
  path: Assets/Multistory Dungeons 2/Meshes/SRC_Props/Cupboard_Big_Preset_03.fbx
  artifactKey: Guid(40b71007ea6c485cb23cc805b8cf4d97) Importer(815301076,1909f56bfc062723c751e8b465ee728b)
Start importing Assets/Multistory Dungeons 2/Meshes/SRC_Props/Cupboard_Big_Preset_03.fbx using Guid(40b71007ea6c485cb23cc805b8cf4d97) Importer(815301076,1909f56bfc062723c751e8b465ee728b)  -> (artifact id: 'd9d81b6dbbfcbbead5c82bd764272c1f') in 0.059653 seconds
Number of updated asset objects reloaded before import = 0
Number of asset objects unloaded after import = 17
========================================================================
Received Import Request.
  Time since last request: 1.194984 seconds.
  path: Assets/Multistory Dungeons 2/Meshes/SRC_Props/Cupboard_Preset_06.fbx
  artifactKey: Guid(dec4eedc0224494ebbc9c81f812a5878) Importer(815301076,1909f56bfc062723c751e8b465ee728b)
Start importing Assets/Multistory Dungeons 2/Meshes/SRC_Props/Cupboard_Preset_06.fbx using Guid(dec4eedc0224494ebbc9c81f812a5878) Importer(815301076,1909f56bfc062723c751e8b465ee728b)  -> (artifact id: '32df39359a7f0388562282ed62a78deb') in 0.089598 seconds
Number of updated asset objects reloaded before import = 0
Number of asset objects unloaded after import = 17
========================================================================
Received Import Request.
  Time since last request: 0.000021 seconds.
  path: Assets/Multistory Dungeons 2/Meshes/SRC_Props/Cupboard_Preset_08.fbx
  artifactKey: Guid(f610020ead1244d3926ee5b5c336ece1) Importer(815301076,1909f56bfc062723c751e8b465ee728b)
Start importing Assets/Multistory Dungeons 2/Meshes/SRC_Props/Cupboard_Preset_08.fbx using Guid(f610020ead1244d3926ee5b5c336ece1) Importer(815301076,1909f56bfc062723c751e8b465ee728b)  -> (artifact id: 'b92179734cd32cb4a2fcfd95eba2fc43') in 0.022645 seconds
Number of updated asset objects reloaded before import = 0
Number of asset objects unloaded after import = 13
========================================================================
Received Import Request.
  Time since last request: 0.251697 seconds.
  path: Assets/Multistory Dungeons 2/Meshes/SRC_Props/Flask_02.fbx
  artifactKey: Guid(4a11217608894381b8c1faacb7051942) Importer(815301076,1909f56bfc062723c751e8b465ee728b)
Start importing Assets/Multistory Dungeons 2/Meshes/SRC_Props/Flask_02.fbx using Guid(4a11217608894381b8c1faacb7051942) Importer(815301076,1909f56bfc062723c751e8b465ee728b)  -> (artifact id: '653b8e74b268b723cfba947f302b8d68') in 0.032379 seconds
Number of updated asset objects reloaded before import = 0
Number of asset objects unloaded after import = 13
========================================================================
Received Import Request.
  Time since last request: 0.000022 seconds.
  path: Assets/Multistory Dungeons 2/Meshes/SRC_Props/Flask_04.fbx
  artifactKey: Guid(dc0443a2060940edb8574e707f1c6a0d) Importer(815301076,1909f56bfc062723c751e8b465ee728b)
Start importing Assets/Multistory Dungeons 2/Meshes/SRC_Props/Flask_04.fbx using Guid(dc0443a2060940edb8574e707f1c6a0d) Importer(815301076,1909f56bfc062723c751e8b465ee728b)  -> (artifact id: '215b976e45594188570586aa40cd9fc3') in 0.026319 seconds
Number of updated asset objects reloaded before import = 0
Number of asset objects unloaded after import = 13
========================================================================
Received Import Request.
  Time since last request: 3.932144 seconds.
  path: Assets/Multistory Dungeons 2/Meshes/SRC_Props/Jug_01.fbx
  artifactKey: Guid(f5cdd3ff716a4dfcbd14104d703672f5) Importer(815301076,1909f56bfc062723c751e8b465ee728b)
Start importing Assets/Multistory Dungeons 2/Meshes/SRC_Props/Jug_01.fbx using Guid(f5cdd3ff716a4dfcbd14104d703672f5) Importer(815301076,1909f56bfc062723c751e8b465ee728b)  -> (artifact id: '298e0afca0a15a73c0fa92f77c961d80') in 0.073684 seconds
Number of updated asset objects reloaded before import = 0
Number of asset objects unloaded after import = 13
========================================================================
Received Import Request.
  Time since last request: 0.000020 seconds.
  path: Assets/Multistory Dungeons 2/Meshes/SRC_Props/Jug_02.fbx
  artifactKey: Guid(7c9f97b48ebe402f8604780c77cbdf89) Importer(815301076,1909f56bfc062723c751e8b465ee728b)
Start importing Assets/Multistory Dungeons 2/Meshes/SRC_Props/Jug_02.fbx using Guid(7c9f97b48ebe402f8604780c77cbdf89) Importer(815301076,1909f56bfc062723c751e8b465ee728b)  -> (artifact id: '3373bfe1f494e3d8a182759597fc6805') in 0.058412 seconds
Number of updated asset objects reloaded before import = 0
Number of asset objects unloaded after import = 13
========================================================================
Received Import Request.
  Time since last request: 0.076163 seconds.
  path: Assets/Multistory Dungeons 2/Meshes/SRC_Props/Lantern_01.fbx
  artifactKey: Guid(ef7597e32e9b44f9baf46865b7128c8f) Importer(815301076,1909f56bfc062723c751e8b465ee728b)
Start importing Assets/Multistory Dungeons 2/Meshes/SRC_Props/Lantern_01.fbx using Guid(ef7597e32e9b44f9baf46865b7128c8f) Importer(815301076,1909f56bfc062723c751e8b465ee728b)  -> (artifact id: '37b309cb34815a8c4cfe8f476986102f') in 0.045007 seconds
Number of updated asset objects reloaded before import = 0
Number of asset objects unloaded after import = 12
========================================================================
Received Import Request.
  Time since last request: 0.000015 seconds.
  path: Assets/Multistory Dungeons 2/Meshes/SRC_Props/Paper_01.fbx
  artifactKey: Guid(75fdcec7590241c0b8c7d2bcc679356d) Importer(815301076,1909f56bfc062723c751e8b465ee728b)
Start importing Assets/Multistory Dungeons 2/Meshes/SRC_Props/Paper_01.fbx using Guid(75fdcec7590241c0b8c7d2bcc679356d) Importer(815301076,1909f56bfc062723c751e8b465ee728b)  -> (artifact id: '66e155d073c4d872d350344626cece67') in 0.026513 seconds
Number of updated asset objects reloaded before import = 0
Number of asset objects unloaded after import = 12
========================================================================
Received Import Request.
  Time since last request: 0.301400 seconds.
  path: Assets/Multistory Dungeons 2/Meshes/SRC_Props/Paper_Preset_01.fbx
  artifactKey: Guid(c3745a4aabd34d1a849799f947179db6) Importer(815301076,1909f56bfc062723c751e8b465ee728b)
Start importing Assets/Multistory Dungeons 2/Meshes/SRC_Props/Paper_Preset_01.fbx using Guid(c3745a4aabd34d1a849799f947179db6) Importer(815301076,1909f56bfc062723c751e8b465ee728b)  -> (artifact id: 'd040284e9b54d0a554179ab71c3a6552') in 0.028122 seconds
Number of updated asset objects reloaded before import = 0
Number of asset objects unloaded after import = 12
========================================================================
Received Import Request.
  Time since last request: 0.000017 seconds.
  path: Assets/Multistory Dungeons 2/Meshes/SRC_Props/Potion_03.fbx
  artifactKey: Guid(e7cd0f3598804a3c8d02dae49fb3dae1) Importer(815301076,1909f56bfc062723c751e8b465ee728b)
Start importing Assets/Multistory Dungeons 2/Meshes/SRC_Props/Potion_03.fbx using Guid(e7cd0f3598804a3c8d02dae49fb3dae1) Importer(815301076,1909f56bfc062723c751e8b465ee728b)  -> (artifact id: 'c7fb633b71ca21afebb3781457a8b0f2') in 0.023707 seconds
Number of updated asset objects reloaded before import = 0
Number of asset objects unloaded after import = 12
========================================================================
Received Import Request.
  Time since last request: 0.855742 seconds.
  path: Assets/Multistory Dungeons 2/Meshes/SRC_Props/Rostrum_01.fbx
  artifactKey: Guid(28b2ae85a9e8432faff2037734a7750d) Importer(815301076,1909f56bfc062723c751e8b465ee728b)
Start importing Assets/Multistory Dungeons 2/Meshes/SRC_Props/Rostrum_01.fbx using Guid(28b2ae85a9e8432faff2037734a7750d) Importer(815301076,1909f56bfc062723c751e8b465ee728b)  -> (artifact id: 'c4edcb86339e157d9f497d3e1299cb8e') in 0.051534 seconds
Number of updated asset objects reloaded before import = 0
Number of asset objects unloaded after import = 11
========================================================================
Received Import Request.
  Time since last request: 0.000024 seconds.
  path: Assets/Multistory Dungeons 2/Meshes/SRC_Props/Rostrum_Preset_01.fbx
  artifactKey: Guid(323ecdb37cae45a295637dab9aff065f) Importer(815301076,1909f56bfc062723c751e8b465ee728b)
Start importing Assets/Multistory Dungeons 2/Meshes/SRC_Props/Rostrum_Preset_01.fbx using Guid(323ecdb37cae45a295637dab9aff065f) Importer(815301076,1909f56bfc062723c751e8b465ee728b)  -> (artifact id: '9c67c45baee015238b26a1c81e3ee182') in 0.047665 seconds
Number of updated asset objects reloaded before import = 0
Number of asset objects unloaded after import = 16
========================================================================
Received Import Request.
  Time since last request: 0.089526 seconds.
  path: Assets/Multistory Dungeons 2/Meshes/SRC_Props/Shelf_Preset_03.fbx
  artifactKey: Guid(c28d15a65b5740498d0386ca7c05da4e) Importer(815301076,1909f56bfc062723c751e8b465ee728b)
Start importing Assets/Multistory Dungeons 2/Meshes/SRC_Props/Shelf_Preset_03.fbx using Guid(c28d15a65b5740498d0386ca7c05da4e) Importer(815301076,1909f56bfc062723c751e8b465ee728b)  -> (artifact id: '783ae72c1c5c538b65dcb9098c0de62e') in 0.066946 seconds
Number of updated asset objects reloaded before import = 0
Number of asset objects unloaded after import = 17
========================================================================
Received Import Request.
  Time since last request: 0.000022 seconds.
  path: Assets/Multistory Dungeons 2/Meshes/SRC_Props/Stand_01.fbx
  artifactKey: Guid(3a84031f4d1d48a289586eafc0ecd53d) Importer(815301076,1909f56bfc062723c751e8b465ee728b)
Start importing Assets/Multistory Dungeons 2/Meshes/SRC_Props/Stand_01.fbx using Guid(3a84031f4d1d48a289586eafc0ecd53d) Importer(815301076,1909f56bfc062723c751e8b465ee728b)  -> (artifact id: 'a0e77f5ca1d034d86df3479d2d07e326') in 0.021712 seconds
Number of updated asset objects reloaded before import = 0
Number of asset objects unloaded after import = 12
Editor requested this worker to shutdown with reason: Scaling down because of idle timeout
TcpMessagingSession - receive error: operation aborted. errorcode: 995, details: The I/O operation has been aborted because of either a thread exit or an application request.
AssetImportWorker is now disconnected from the server
Process exiting
Exiting without the bug reporter. Application will terminate with return code 0