Using pre-set license
Built from '2022.3/staging' branch; Version is '2022.3.11f1 (d00248457e15) revision 13632072'; Using compiler version '192829333'; Build Type 'Release'
OS: 'Windows 11  (10.0.22621) 64bit Core' Language: 'en' Physical Memory: 16085 MB
BatchMode: 1, IsHumanControllingUs: 0, StartBugReporterOnCrash: 0, Is64bit: 1, IsPro: 1

COMMAND LINE ARGUMENTS:
C:\Program Files\Unity\Hub\Editor\2022.3.11f1\Editor\Unity.exe
-adb2
-batchMode
-noUpm
-name
AssetImportWorker6
-projectPath
C:/Users/njsan/Desktop/CS178UnityProject/CS178UnityProject/Tomb of the Damned
-logFile
Logs/AssetImportWorker6.log
-srvPort
49994
Successfully changed project path to: C:/Users/njsan/Desktop/CS178UnityProject/CS178UnityProject/Tomb of the Damned
C:/Users/njsan/Desktop/CS178UnityProject/CS178UnityProject/Tomb of the Damned
[UnityMemory] Configuration Parameters - Can be set up in boot.config
    "memorysetup-bucket-allocator-granularity=16"
    "memorysetup-bucket-allocator-bucket-count=8"
    "memorysetup-bucket-allocator-block-size=33554432"
    "memorysetup-bucket-allocator-block-count=8"
    "memorysetup-main-allocator-block-size=16777216"
    "memorysetup-thread-allocator-block-size=16777216"
    "memorysetup-gfx-main-allocator-block-size=16777216"
    "memorysetup-gfx-thread-allocator-block-size=16777216"
    "memorysetup-cache-allocator-block-size=4194304"
    "memorysetup-typetree-allocator-block-size=2097152"
    "memorysetup-profiler-bucket-allocator-granularity=16"
    "memorysetup-profiler-bucket-allocator-bucket-count=8"
    "memorysetup-profiler-bucket-allocator-block-size=33554432"
    "memorysetup-profiler-bucket-allocator-block-count=8"
    "memorysetup-profiler-allocator-block-size=16777216"
    "memorysetup-profiler-editor-allocator-block-size=1048576"
    "memorysetup-temp-allocator-size-main=16777216"
    "memorysetup-job-temp-allocator-block-size=2097152"
    "memorysetup-job-temp-allocator-block-size-background=1048576"
    "memorysetup-job-temp-allocator-reduction-small-platforms=262144"
    "memorysetup-allocator-temp-initial-block-size-main=262144"
    "memorysetup-allocator-temp-initial-block-size-worker=262144"
    "memorysetup-temp-allocator-size-background-worker=32768"
    "memorysetup-temp-allocator-size-job-worker=262144"
    "memorysetup-temp-allocator-size-preload-manager=33554432"
    "memorysetup-temp-allocator-size-nav-mesh-worker=65536"
    "memorysetup-temp-allocator-size-audio-worker=65536"
    "memorysetup-temp-allocator-size-cloud-worker=32768"
    "memorysetup-temp-allocator-size-gi-baking-worker=262144"
    "memorysetup-temp-allocator-size-gfx=262144"
Player connection [47072] Host "[IP] 10.191.133.63 [Port] 0 [Flags] 2 [Guid] 2355645694 [EditorId] 2355645694 [Version] 1048832 [Id] WindowsEditor(7,MSI) [Debug] 1 [PackageName] WindowsEditor [ProjectName] Editor" joined multi-casting on [225.0.0.222:54997]...

Player connection [47072] Host "[IP] 10.191.133.63 [Port] 0 [Flags] 2 [Guid] 2355645694 [EditorId] 2355645694 [Version] 1048832 [Id] WindowsEditor(7,MSI) [Debug] 1 [PackageName] WindowsEditor [ProjectName] Editor" joined alternative multi-casting on [225.0.0.222:34997]...

[Physics::Module] Initialized MultithreadedJobDispatcher with 15 workers.
Refreshing native plugins compatible for Editor in 9.61 ms, found 3 plugins.
Preloading 0 native plugins for Editor in 0.00 ms.
Initialize engine version: 2022.3.11f1 (d00248457e15)
[Subsystems] Discovering subsystems at path C:/Program Files/Unity/Hub/Editor/2022.3.11f1/Editor/Data/Resources/UnitySubsystems
[Subsystems] Discovering subsystems at path C:/Users/njsan/Desktop/CS178UnityProject/CS178UnityProject/Tomb of the Damned/Assets
GfxDevice: creating device client; threaded=0; jobified=0
Direct3D:
    Version:  Direct3D 11.0 [level 11.1]
    Renderer: NVIDIA GeForce RTX 3080 Laptop GPU (ID=0x249c)
    Vendor:   NVIDIA
    VRAM:     8042 MB
    Driver:   30.0.14.7141
Initialize mono
Mono path[0] = 'C:/Program Files/Unity/Hub/Editor/2022.3.11f1/Editor/Data/Managed'
Mono path[1] = 'C:/Program Files/Unity/Hub/Editor/2022.3.11f1/Editor/Data/MonoBleedingEdge/lib/mono/unityjit-win32'
Mono config path = 'C:/Program Files/Unity/Hub/Editor/2022.3.11f1/Editor/Data/MonoBleedingEdge/etc'
Using monoOptions --debugger-agent=transport=dt_socket,embedding=1,server=y,suspend=n,address=127.0.0.1:56180
Begin MonoManager ReloadAssembly
Registering precompiled unity dll's ...
Register platform support module: C:/Program Files/Unity/Hub/Editor/2022.3.11f1/Editor/Data/PlaybackEngines/WindowsStandaloneSupport/UnityEditor.WindowsStandalone.Extensions.dll
Registered in 0.006980 seconds.
- Loaded All Assemblies, in  0.288 seconds
Native extension for WindowsStandalone target not found
Mono: successfully reloaded assembly
- Finished resetting the current domain, in  0.203 seconds
Domain Reload Profiling: 489ms
	BeginReloadAssembly (90ms)
		ExecutionOrderSort (0ms)
		DisableScriptedObjects (0ms)
		BackupInstance (0ms)
		ReleaseScriptingObjects (0ms)
		CreateAndSetChildDomain (1ms)
	RebuildCommonClasses (30ms)
	RebuildNativeTypeToScriptingClass (9ms)
	initialDomainReloadingComplete (49ms)
	LoadAllAssembliesAndSetupDomain (109ms)
		LoadAssemblies (88ms)
		RebuildTransferFunctionScriptingTraits (0ms)
		AnalyzeDomain (107ms)
			TypeCache.Refresh (105ms)
				TypeCache.ScanAssembly (94ms)
			ScanForSourceGeneratedMonoScriptInfo (0ms)
			ResolveRequiredComponents (0ms)
	FinalizeReload (203ms)
		ReleaseScriptCaches (0ms)
		RebuildScriptCaches (0ms)
		SetupLoadedEditorAssemblies (155ms)
			LogAssemblyErrors (0ms)
			InitializePlatformSupportModulesInManaged (7ms)
			SetLoadedEditorAssemblies (6ms)
			RefreshPlugins (0ms)
			BeforeProcessingInitializeOnLoad (2ms)
			ProcessInitializeOnLoadAttributes (101ms)
			ProcessInitializeOnLoadMethodAttributes (39ms)
			AfterProcessingInitializeOnLoad (0ms)
			EditorAssembliesLoaded (0ms)
		ExecutionOrderSort2 (0ms)
		AwakeInstancesAfterBackupRestoration (0ms)
========================================================================
Worker process is ready to serve import requests
Begin MonoManager ReloadAssembly
- Loaded All Assemblies, in  0.699 seconds
Refreshing native plugins compatible for Editor in 3.62 ms, found 3 plugins.
Native extension for WindowsStandalone target not found
Package Manager log level set to [2]
[Package Manager] Server::EnsureServerProcessIsRunning -- launch failed, reason: Unity was launched with the -noUpm command-line argument
[Package Manager] UpmClient::Send -- Unable to send message (not connected to UPM process).
[Package Manager] Cannot connect to Unity Package Manager local server
Mono: successfully reloaded assembly
- Finished resetting the current domain, in  0.719 seconds
Domain Reload Profiling: 1415ms
	BeginReloadAssembly (126ms)
		ExecutionOrderSort (0ms)
		DisableScriptedObjects (4ms)
		BackupInstance (0ms)
		ReleaseScriptingObjects (0ms)
		CreateAndSetChildDomain (20ms)
	RebuildCommonClasses (28ms)
	RebuildNativeTypeToScriptingClass (8ms)
	initialDomainReloadingComplete (37ms)
	LoadAllAssembliesAndSetupDomain (497ms)
		LoadAssemblies (328ms)
		RebuildTransferFunctionScriptingTraits (0ms)
		AnalyzeDomain (242ms)
			TypeCache.Refresh (205ms)
				TypeCache.ScanAssembly (188ms)
			ScanForSourceGeneratedMonoScriptInfo (25ms)
			ResolveRequiredComponents (9ms)
	FinalizeReload (720ms)
		ReleaseScriptCaches (0ms)
		RebuildScriptCaches (0ms)
		SetupLoadedEditorAssemblies (534ms)
			LogAssemblyErrors (0ms)
			InitializePlatformSupportModulesInManaged (6ms)
			SetLoadedEditorAssemblies (4ms)
			RefreshPlugins (0ms)
			BeforeProcessingInitializeOnLoad (78ms)
			ProcessInitializeOnLoadAttributes (410ms)
			ProcessInitializeOnLoadMethodAttributes (32ms)
			AfterProcessingInitializeOnLoad (5ms)
			EditorAssembliesLoaded (0ms)
		ExecutionOrderSort2 (0ms)
		AwakeInstancesAfterBackupRestoration (5ms)
Launched and connected shader compiler UnityShaderCompiler.exe after 0.06 seconds
Refreshing native plugins compatible for Editor in 5.19 ms, found 3 plugins.
Preloading 0 native plugins for Editor in 0.00 ms.
Unloading 6817 Unused Serialized files (Serialized files now loaded: 0)
Unloading 236 unused Assets / (14.6 MB). Loaded Objects now: 7163.
Memory consumption went from 318.5 MB to 303.8 MB.
Total: 6.778100 ms (FindLiveObjects: 0.775500 ms CreateObjectMapping: 0.502100 ms MarkObjects: 2.940100 ms  DeleteObjects: 2.559300 ms)

AssetImportParameters requested are different than current active one (requested -> active):
  custom:container-demuxer-ogg: 62fdf1f143b41e24485cea50d1cbac27 -> 
  custom:framework-win-MediaFoundation: 216162199b28c13a410421893ffa2e32 -> 
  custom:container-muxer-webm: aa71ff27fc2769a1b78a27578f13a17b -> 
  custom:video-decoder-webm-vp8: 9c59270c3fd7afecdb556c50c9e8de78 -> 
  custom:SearchIndexIgnoredProperties: e643bd26f0fe6173181afceb89e7c659 -> 
  custom:AudioImporter_EditorPlatform: d09bf68614088b80899f8185d706f6e7 -> 
  custom:audio-decoder-ogg-vorbis: bf7c407c2cedff20999df2af8eb42d56 -> 
  custom:audio-encoder-webm-vorbis: bf7c407c2cedff20999df2af8eb42d56 -> 
  custom:video-decoder-ogg-theora: a1e56fd34408186e4bbccfd4996cb3dc -> 
  custom:CustomObjectIndexerAttribute: a3ef5dd2817f97addfee359851a9dba5 -> 
  custom:scripting/monoscript/fileName/InventoryOb.cs: 7f47ddeb56b7ca7fc807bcd9f6a3fca9 -> 
  custom:container-demuxer-webm: 4f35f7cbe854078d1ac9338744f61a02 -> 
  custom:video-encoder-webm-vp8: eb34c28f22e8b96e1ab97ce403110664 -> 
========================================================================
Received Import Request.
  Time since last request: 817340.231547 seconds.
  path: Assets/Multistory Dungeons 2/Meshes/SRC_Props/Paper_02.fbx
  artifactKey: Guid(2cb0dc68466949f6bb5351158ceae9fb) Importer(815301076,1909f56bfc062723c751e8b465ee728b)
Start importing Assets/Multistory Dungeons 2/Meshes/SRC_Props/Paper_02.fbx using Guid(2cb0dc68466949f6bb5351158ceae9fb) Importer(815301076,1909f56bfc062723c751e8b465ee728b)  -> (artifact id: '9f219b2e328d15e4d7cf39036e7ff066') in 0.150476 seconds
Number of updated asset objects reloaded before import = 0
Number of asset objects unloaded after import = 12
========================================================================
Received Import Request.
  Time since last request: 0.000025 seconds.
  path: Assets/Multistory Dungeons 2/Meshes/SRC_Props/Paper_05.fbx
  artifactKey: Guid(64acf2bb8cf143aeb1dee7245e05a350) Importer(815301076,1909f56bfc062723c751e8b465ee728b)
Start importing Assets/Multistory Dungeons 2/Meshes/SRC_Props/Paper_05.fbx using Guid(64acf2bb8cf143aeb1dee7245e05a350) Importer(815301076,1909f56bfc062723c751e8b465ee728b)  -> (artifact id: '87933f42ddae8851280783ec71721e09') in 0.025798 seconds
Number of updated asset objects reloaded before import = 0
Number of asset objects unloaded after import = 12
========================================================================
Received Import Request.
  Time since last request: 0.000029 seconds.
  path: Assets/Multistory Dungeons 2/Meshes/SRC_Props/Potion_03.fbx
  artifactKey: Guid(e7cd0f3598804a3c8d02dae49fb3dae1) Importer(815301076,1909f56bfc062723c751e8b465ee728b)
Start importing Assets/Multistory Dungeons 2/Meshes/SRC_Props/Potion_03.fbx using Guid(e7cd0f3598804a3c8d02dae49fb3dae1) Importer(815301076,1909f56bfc062723c751e8b465ee728b)  -> (artifact id: '46deb48601953436093cbdbb7852e5f0') in 0.027666 seconds
Number of updated asset objects reloaded before import = 0
Number of asset objects unloaded after import = 12
========================================================================
Received Import Request.
  Time since last request: 0.000020 seconds.
  path: Assets/Multistory Dungeons 2/Meshes/SRC_Props/Scale_01.fbx
  artifactKey: Guid(d37350a44c6140a69bb27db41dd77f4c) Importer(815301076,1909f56bfc062723c751e8b465ee728b)
Start importing Assets/Multistory Dungeons 2/Meshes/SRC_Props/Scale_01.fbx using Guid(d37350a44c6140a69bb27db41dd77f4c) Importer(815301076,1909f56bfc062723c751e8b465ee728b)  -> (artifact id: '4b72dc15a48ae713108cff02a0577270') in 0.022211 seconds
Number of updated asset objects reloaded before import = 0
Number of asset objects unloaded after import = 12
========================================================================
Received Import Request.
  Time since last request: 0.000018 seconds.
  path: Assets/Multistory Dungeons 2/Meshes/SRC_Props/Paper_04.fbx
  artifactKey: Guid(a9774b764aa24b3e8db2df039a7c172c) Importer(815301076,1909f56bfc062723c751e8b465ee728b)
Start importing Assets/Multistory Dungeons 2/Meshes/SRC_Props/Paper_04.fbx using Guid(a9774b764aa24b3e8db2df039a7c172c) Importer(815301076,1909f56bfc062723c751e8b465ee728b)  -> (artifact id: '6584b88edb740f5b5ef09d9e4d0b1989') in 0.021349 seconds
Number of updated asset objects reloaded before import = 0
Number of asset objects unloaded after import = 12
========================================================================
Received Import Request.
  Time since last request: 0.000017 seconds.
  path: Assets/Multistory Dungeons 2/Meshes/SRC_Props/Stand_01.fbx
  artifactKey: Guid(3a84031f4d1d48a289586eafc0ecd53d) Importer(815301076,1909f56bfc062723c751e8b465ee728b)
Start importing Assets/Multistory Dungeons 2/Meshes/SRC_Props/Stand_01.fbx using Guid(3a84031f4d1d48a289586eafc0ecd53d) Importer(815301076,1909f56bfc062723c751e8b465ee728b)  -> (artifact id: 'e63ceccc346e9f6927fb1f6ecf576c55') in 0.022417 seconds
Number of updated asset objects reloaded before import = 0
Number of asset objects unloaded after import = 12
========================================================================
Received Import Request.
  Time since last request: 0.000013 seconds.
  path: Assets/Multistory Dungeons 2/Meshes/SRC_Props/Potion_Red_01.fbx
  artifactKey: Guid(72e4a743464c4b26857b460ca6ade400) Importer(815301076,1909f56bfc062723c751e8b465ee728b)
Start importing Assets/Multistory Dungeons 2/Meshes/SRC_Props/Potion_Red_01.fbx using Guid(72e4a743464c4b26857b460ca6ade400) Importer(815301076,1909f56bfc062723c751e8b465ee728b)  -> (artifact id: 'a53e202498c87ff8b96a831905a015a1') in 0.036141 seconds
Number of updated asset objects reloaded before import = 0
Number of asset objects unloaded after import = 13
========================================================================
Received Import Request.
  Time since last request: 0.000026 seconds.
  path: Assets/Multistory Dungeons 2/Meshes/SRC_Props/Paper_Preset_01.fbx
  artifactKey: Guid(c3745a4aabd34d1a849799f947179db6) Importer(815301076,1909f56bfc062723c751e8b465ee728b)
Start importing Assets/Multistory Dungeons 2/Meshes/SRC_Props/Paper_Preset_01.fbx using Guid(c3745a4aabd34d1a849799f947179db6) Importer(815301076,1909f56bfc062723c751e8b465ee728b)  -> (artifact id: '93d0965fafd90877bf0e1ce9abeb92ea') in 0.018416 seconds
Number of updated asset objects reloaded before import = 0
Number of asset objects unloaded after import = 12
========================================================================
Received Import Request.
  Time since last request: 0.000028 seconds.
  path: Assets/Multistory Dungeons 2/Meshes/SRC_Props/Shelf_Preset_03.fbx
  artifactKey: Guid(c28d15a65b5740498d0386ca7c05da4e) Importer(815301076,1909f56bfc062723c751e8b465ee728b)
Start importing Assets/Multistory Dungeons 2/Meshes/SRC_Props/Shelf_Preset_03.fbx using Guid(c28d15a65b5740498d0386ca7c05da4e) Importer(815301076,1909f56bfc062723c751e8b465ee728b)  -> (artifact id: '84c0b4cb9b58e14667daca8afb663ab8') in 0.058698 seconds
Number of updated asset objects reloaded before import = 0
Number of asset objects unloaded after import = 17
========================================================================
Received Import Request.
  Time since last request: 0.000016 seconds.
  path: Assets/Multistory Dungeons 2/Meshes/SRC_Props/Shelf_Preset_04.fbx
  artifactKey: Guid(09c383219ee44f238768d63ec2b2b65b) Importer(815301076,1909f56bfc062723c751e8b465ee728b)
Start importing Assets/Multistory Dungeons 2/Meshes/SRC_Props/Shelf_Preset_04.fbx using Guid(09c383219ee44f238768d63ec2b2b65b) Importer(815301076,1909f56bfc062723c751e8b465ee728b)  -> (artifact id: '0e8218ff1da026c34b4aaecd797f3311') in 0.052578 seconds
Number of updated asset objects reloaded before import = 0
Number of asset objects unloaded after import = 16
========================================================================
Received Import Request.
  Time since last request: 0.000019 seconds.
  path: Assets/Multistory Dungeons 2/Meshes/SRC_Props/Rostrum_01.fbx
  artifactKey: Guid(28b2ae85a9e8432faff2037734a7750d) Importer(815301076,1909f56bfc062723c751e8b465ee728b)
Start importing Assets/Multistory Dungeons 2/Meshes/SRC_Props/Rostrum_01.fbx using Guid(28b2ae85a9e8432faff2037734a7750d) Importer(815301076,1909f56bfc062723c751e8b465ee728b)  -> (artifact id: '8e90b67cf772e29d54670c4436ceae5d') in 0.043823 seconds
Number of updated asset objects reloaded before import = 0
Number of asset objects unloaded after import = 11
========================================================================
Received Import Request.
  Time since last request: 0.000025 seconds.
  path: Assets/Multistory Dungeons 2/Meshes/SRC_Props/Shelf_Preset_01.fbx
  artifactKey: Guid(63fe711f58ed4649b06a9fbb75080672) Importer(815301076,1909f56bfc062723c751e8b465ee728b)
Start importing Assets/Multistory Dungeons 2/Meshes/SRC_Props/Shelf_Preset_01.fbx using Guid(63fe711f58ed4649b06a9fbb75080672) Importer(815301076,1909f56bfc062723c751e8b465ee728b)  -> (artifact id: '876e3a83f81291f300a2bfc4284981dd') in 0.024587 seconds
Number of updated asset objects reloaded before import = 0
Number of asset objects unloaded after import = 13
========================================================================
Received Import Request.
  Time since last request: 0.000032 seconds.
  path: Assets/Multistory Dungeons 2/Meshes/SRC_Props/Rostrum_Preset_01.fbx
  artifactKey: Guid(323ecdb37cae45a295637dab9aff065f) Importer(815301076,1909f56bfc062723c751e8b465ee728b)
Start importing Assets/Multistory Dungeons 2/Meshes/SRC_Props/Rostrum_Preset_01.fbx using Guid(323ecdb37cae45a295637dab9aff065f) Importer(815301076,1909f56bfc062723c751e8b465ee728b)  -> (artifact id: 'ede8242af74836eef06c3b4b04a24f34') in 0.040928 seconds
Number of updated asset objects reloaded before import = 0
Number of asset objects unloaded after import = 16
========================================================================
Received Prepare
Begin MonoManager ReloadAssembly
- Loaded All Assemblies, in  0.608 seconds
Refreshing native plugins compatible for Editor in 5.36 ms, found 3 plugins.
Native extension for WindowsStandalone target not found
[Package Manager] Server::EnsureServerProcessIsRunning -- launch failed, reason: Unity was launched with the -noUpm command-line argument
[Package Manager] UpmClient::Send -- Unable to send message (not connected to UPM process).
[Package Manager] Cannot connect to Unity Package Manager local server
Mono: successfully reloaded assembly
- Finished resetting the current domain, in  1.238 seconds
Domain Reload Profiling: 1843ms
	BeginReloadAssembly (175ms)
		ExecutionOrderSort (0ms)
		DisableScriptedObjects (3ms)
		BackupInstance (0ms)
		ReleaseScriptingObjects (0ms)
		CreateAndSetChildDomain (53ms)
	RebuildCommonClasses (49ms)
	RebuildNativeTypeToScriptingClass (17ms)
	initialDomainReloadingComplete (28ms)
	LoadAllAssembliesAndSetupDomain (335ms)
		LoadAssemblies (357ms)
		RebuildTransferFunctionScriptingTraits (0ms)
		AnalyzeDomain (66ms)
			TypeCache.Refresh (11ms)
				TypeCache.ScanAssembly (0ms)
			ScanForSourceGeneratedMonoScriptInfo (39ms)
			ResolveRequiredComponents (14ms)
	FinalizeReload (1239ms)
		ReleaseScriptCaches (0ms)
		RebuildScriptCaches (0ms)
		SetupLoadedEditorAssemblies (449ms)
			LogAssemblyErrors (0ms)
			InitializePlatformSupportModulesInManaged (5ms)
			SetLoadedEditorAssemblies (3ms)
			RefreshPlugins (0ms)
			BeforeProcessingInitializeOnLoad (71ms)
			ProcessInitializeOnLoadAttributes (338ms)
			ProcessInitializeOnLoadMethodAttributes (25ms)
			AfterProcessingInitializeOnLoad (6ms)
			EditorAssembliesLoaded (0ms)
		ExecutionOrderSort2 (0ms)
		AwakeInstancesAfterBackupRestoration (5ms)
Refreshing native plugins compatible for Editor in 4.75 ms, found 3 plugins.
Preloading 0 native plugins for Editor in 0.00 ms.
Unloading 6595 Unused Serialized files (Serialized files now loaded: 0)
Unloading 192 unused Assets / (14.6 MB). Loaded Objects now: 7179.
Memory consumption went from 271.8 MB to 257.2 MB.
Total: 5.511500 ms (FindLiveObjects: 0.448500 ms CreateObjectMapping: 0.269600 ms MarkObjects: 2.782800 ms  DeleteObjects: 2.009600 ms)

Prepare: number of updated asset objects reloaded= 0
AssetImportParameters requested are different than current active one (requested -> active):
  custom:container-demuxer-ogg: 62fdf1f143b41e24485cea50d1cbac27 -> 
  custom:framework-win-MediaFoundation: 216162199b28c13a410421893ffa2e32 -> 
  custom:container-muxer-webm: aa71ff27fc2769a1b78a27578f13a17b -> 
  custom:video-decoder-webm-vp8: 9c59270c3fd7afecdb556c50c9e8de78 -> 
  custom:SearchIndexIgnoredProperties: e643bd26f0fe6173181afceb89e7c659 -> 
  custom:AudioImporter_EditorPlatform: d09bf68614088b80899f8185d706f6e7 -> 
  custom:audio-decoder-ogg-vorbis: bf7c407c2cedff20999df2af8eb42d56 -> 
  custom:audio-encoder-webm-vorbis: bf7c407c2cedff20999df2af8eb42d56 -> 
  custom:video-decoder-ogg-theora: a1e56fd34408186e4bbccfd4996cb3dc -> 
  custom:CustomObjectIndexerAttribute: a3ef5dd2817f97addfee359851a9dba5 -> 
  custom:scripting/monoscript/fileName/InventoryOb.cs: 7f47ddeb56b7ca7fc807bcd9f6a3fca9 -> 
  custom:container-demuxer-webm: 4f35f7cbe854078d1ac9338744f61a02 -> 
  custom:video-encoder-webm-vp8: eb34c28f22e8b96e1ab97ce403110664 -> 
========================================================================
Received Import Request.
  Time since last request: 52.394602 seconds.
  path: Assets/Thoth/Cartoon UI Pack/Material/Cursor_Arrow2.png
  artifactKey: Guid(73492e0b9a7c30b49ad9d79d0e912b1c) Importer(815301076,1909f56bfc062723c751e8b465ee728b)
Start importing Assets/Thoth/Cartoon UI Pack/Material/Cursor_Arrow2.png using Guid(73492e0b9a7c30b49ad9d79d0e912b1c) Importer(815301076,1909f56bfc062723c751e8b465ee728b)  -> (artifact id: '618f0f59f8bc9a8b465d0a5692632d64') in 0.082340 seconds
Number of updated asset objects reloaded before import = 0
Number of asset objects unloaded after import = 2
========================================================================
Received Import Request.
  Time since last request: 0.000022 seconds.
  path: Assets/Thoth/Cartoon UI Pack/Material/Minimalist Cartoon UI Pack Sliced.png
  artifactKey: Guid(7a90fcdada22c9b429479d5933a03692) Importer(815301076,1909f56bfc062723c751e8b465ee728b)
Start importing Assets/Thoth/Cartoon UI Pack/Material/Minimalist Cartoon UI Pack Sliced.png using Guid(7a90fcdada22c9b429479d5933a03692) Importer(815301076,1909f56bfc062723c751e8b465ee728b)  -> (artifact id: '88902e5da664c41364d445d1a0eac226') in 0.308903 seconds
Number of updated asset objects reloaded before import = 0
Number of asset objects unloaded after import = 164
========================================================================
Received Import Request.
  Time since last request: 237.040389 seconds.
  path: Assets/Sprites/Bar Only.png
  artifactKey: Guid(951396fb8610adf47843c8dc667c8752) Importer(815301076,1909f56bfc062723c751e8b465ee728b)
Start importing Assets/Sprites/Bar Only.png using Guid(951396fb8610adf47843c8dc667c8752) Importer(815301076,1909f56bfc062723c751e8b465ee728b)  -> (artifact id: '1c7cf86df748db7ba999adf891b87fe8') in 0.035849 seconds
Number of updated asset objects reloaded before import = 0
Number of asset objects unloaded after import = 3
========================================================================
Received Import Request.
  Time since last request: 0.000019 seconds.
  path: Assets/Sprites/HP.png
  artifactKey: Guid(ac0d905c8c9d2ea46b4a443bc77b3382) Importer(815301076,1909f56bfc062723c751e8b465ee728b)
Start importing Assets/Sprites/HP.png using Guid(ac0d905c8c9d2ea46b4a443bc77b3382) Importer(815301076,1909f56bfc062723c751e8b465ee728b)  -> (artifact id: 'a08f6463345d4c44c1403bafe5c460df') in 0.024093 seconds
Number of updated asset objects reloaded before import = 0
Number of asset objects unloaded after import = 3
========================================================================
Received Import Request.
  Time since last request: 296.308007 seconds.
  path: Assets/Prefabs 1
  artifactKey: Guid(120e52f37bb33b2459c263e522f0fe06) Importer(815301076,1909f56bfc062723c751e8b465ee728b)
Start importing Assets/Prefabs 1 using Guid(120e52f37bb33b2459c263e522f0fe06) Importer(815301076,1909f56bfc062723c751e8b465ee728b)  -> (artifact id: '0632e894b87df95a2582b7714f632a46') in 0.000840 seconds
Number of updated asset objects reloaded before import = 0
Number of asset objects unloaded after import = 0
========================================================================
Received Import Request.
  Time since last request: 19.720596 seconds.
  path: Assets/Prefabs/Image.prefab
  artifactKey: Guid(d108b6d27f0949e4fa32f56c977143a8) Importer(815301076,1909f56bfc062723c751e8b465ee728b)
Start importing Assets/Prefabs/Image.prefab using Guid(d108b6d27f0949e4fa32f56c977143a8) Importer(815301076,1909f56bfc062723c751e8b465ee728b)  -> (artifact id: '48af270cefd330091f21f3d14621c34b') in 0.039201 seconds
Number of updated asset objects reloaded before import = 0
Number of asset objects unloaded after import = 20
========================================================================
Received Import Request.
  Time since last request: 45.011165 seconds.
  path: Assets/Prefabs/Image Variant.prefab
  artifactKey: Guid(500b7e795096f8146bf01ef378224109) Importer(815301076,1909f56bfc062723c751e8b465ee728b)
Start importing Assets/Prefabs/Image Variant.prefab using Guid(500b7e795096f8146bf01ef378224109) Importer(815301076,1909f56bfc062723c751e8b465ee728b)  -> (artifact id: 'ae69c327c068444458db19bffe14dd9a') in 0.019186 seconds
Number of updated asset objects reloaded before import = 0
Number of asset objects unloaded after import = 31
========================================================================
Received Import Request.
  Time since last request: 30.863203 seconds.
  path: Assets/Prefabs/Image Variant 1.prefab
  artifactKey: Guid(ba650771688c35a47902bca3fd05f53a) Importer(815301076,1909f56bfc062723c751e8b465ee728b)
Start importing Assets/Prefabs/Image Variant 1.prefab using Guid(ba650771688c35a47902bca3fd05f53a) Importer(815301076,1909f56bfc062723c751e8b465ee728b)  -> (artifact id: '528482a7798f0a37f42cec1883cc2089') in 0.016429 seconds
Number of updated asset objects reloaded before import = 0
Number of asset objects unloaded after import = 40
========================================================================
Received Import Request.
  Time since last request: 9.202695 seconds.
  path: Assets/Prefabs/Image Variant 2.prefab
  artifactKey: Guid(98df7f117f0b5814bb10f17c5d59cd57) Importer(815301076,1909f56bfc062723c751e8b465ee728b)
Start importing Assets/Prefabs/Image Variant 2.prefab using Guid(98df7f117f0b5814bb10f17c5d59cd57) Importer(815301076,1909f56bfc062723c751e8b465ee728b)  -> (artifact id: 'd35d3921de4a7d63c339e6f634acba02') in 0.015946 seconds
Number of updated asset objects reloaded before import = 0
Number of asset objects unloaded after import = 40
========================================================================
Received Import Request.
  Time since last request: 1.289579 seconds.
  path: Assets/Prefabs/Image Variant 3.prefab
  artifactKey: Guid(3f12d6c679fc85c4ba4ab94b2aa5d43d) Importer(815301076,1909f56bfc062723c751e8b465ee728b)
Start importing Assets/Prefabs/Image Variant 3.prefab using Guid(3f12d6c679fc85c4ba4ab94b2aa5d43d) Importer(815301076,1909f56bfc062723c751e8b465ee728b)  -> (artifact id: '30b08890ac3d2cfde0dc8c5c56273ca6') in 0.016071 seconds
Number of updated asset objects reloaded before import = 0
Number of asset objects unloaded after import = 40
========================================================================
Received Import Request.
  Time since last request: 18.577561 seconds.
  path: Assets/Prefabs/Image Variant.prefab
  artifactKey: Guid(500b7e795096f8146bf01ef378224109) Importer(815301076,1909f56bfc062723c751e8b465ee728b)
Start importing Assets/Prefabs/Image Variant.prefab using Guid(500b7e795096f8146bf01ef378224109) Importer(815301076,1909f56bfc062723c751e8b465ee728b)  -> (artifact id: '4db031b13dd0de3311c653101cbf7b61') in 0.016034 seconds
Number of updated asset objects reloaded before import = 0
Number of asset objects unloaded after import = 31
========================================================================
Received Import Request.
  Time since last request: 0.000013 seconds.
  path: Assets/Prefabs/Image Variant 2.prefab
  artifactKey: Guid(98df7f117f0b5814bb10f17c5d59cd57) Importer(815301076,1909f56bfc062723c751e8b465ee728b)
Start importing Assets/Prefabs/Image Variant 2.prefab using Guid(98df7f117f0b5814bb10f17c5d59cd57) Importer(815301076,1909f56bfc062723c751e8b465ee728b)  -> (artifact id: '61e0c293c8b0863d3aa90e291d39bfcf') in 0.016734 seconds
Number of updated asset objects reloaded before import = 0
Number of asset objects unloaded after import = 40
========================================================================
Received Import Request.
  Time since last request: 1.512881 seconds.
  path: Assets/Prefabs/Image Variant.prefab
  artifactKey: Guid(500b7e795096f8146bf01ef378224109) Importer(815301076,1909f56bfc062723c751e8b465ee728b)
Start importing Assets/Prefabs/Image Variant.prefab using Guid(500b7e795096f8146bf01ef378224109) Importer(815301076,1909f56bfc062723c751e8b465ee728b)  -> (artifact id: '03074317549d4ce6607b05a3f58cfd3c') in 0.018964 seconds
Number of updated asset objects reloaded before import = 0
Number of asset objects unloaded after import = 31
========================================================================
Received Import Request.
  Time since last request: 0.000015 seconds.
  path: Assets/Prefabs/Image Variant 3.prefab
  artifactKey: Guid(3f12d6c679fc85c4ba4ab94b2aa5d43d) Importer(815301076,1909f56bfc062723c751e8b465ee728b)
Start importing Assets/Prefabs/Image Variant 3.prefab using Guid(3f12d6c679fc85c4ba4ab94b2aa5d43d) Importer(815301076,1909f56bfc062723c751e8b465ee728b)  -> (artifact id: 'dc934f46716ae2efe7e807323d25b24f') in 0.016851 seconds
Number of updated asset objects reloaded before import = 0
Number of asset objects unloaded after import = 40
========================================================================
Received Import Request.
  Time since last request: 7.029880 seconds.
  path: Assets/Prefabs/Image Variant 1.prefab
  artifactKey: Guid(ba650771688c35a47902bca3fd05f53a) Importer(815301076,1909f56bfc062723c751e8b465ee728b)
Start importing Assets/Prefabs/Image Variant 1.prefab using Guid(ba650771688c35a47902bca3fd05f53a) Importer(815301076,1909f56bfc062723c751e8b465ee728b)  -> (artifact id: '64b74b668cfa11d9fea0b238df7c46ab') in 0.016002 seconds
Number of updated asset objects reloaded before import = 0
Number of asset objects unloaded after import = 40
========================================================================
Received Import Request.
  Time since last request: 11.175197 seconds.
  path: Assets/Prefabs/Image Variant 1.prefab
  artifactKey: Guid(ba650771688c35a47902bca3fd05f53a) Importer(815301076,1909f56bfc062723c751e8b465ee728b)
Start importing Assets/Prefabs/Image Variant 1.prefab using Guid(ba650771688c35a47902bca3fd05f53a) Importer(815301076,1909f56bfc062723c751e8b465ee728b)  -> (artifact id: 'e6e6b9217e268c69fd7715ee040e07f5') in 0.017596 seconds
Number of updated asset objects reloaded before import = 0
Number of asset objects unloaded after import = 40
========================================================================
Received Import Request.
  Time since last request: 105.144220 seconds.
  path: Assets/Prefabs/PotionItem.prefab
  artifactKey: Guid(24e387e5400326343b41ccd48cc7698c) Importer(815301076,1909f56bfc062723c751e8b465ee728b)
Start importing Assets/Prefabs/PotionItem.prefab using Guid(24e387e5400326343b41ccd48cc7698c) Importer(815301076,1909f56bfc062723c751e8b465ee728b)  -> (artifact id: '0deac12043745ada9c8c14521c18f533') in 0.044750 seconds
Number of updated asset objects reloaded before import = 0
Number of asset objects unloaded after import = 24
========================================================================
Received Import Request.
  Time since last request: 75.727405 seconds.
  path: Assets/Item.cs
  artifactKey: Guid(3cb44b7192c18474a9e94fea4a373774) Importer(815301076,1909f56bfc062723c751e8b465ee728b)
Start importing Assets/Item.cs using Guid(3cb44b7192c18474a9e94fea4a373774) Importer(815301076,1909f56bfc062723c751e8b465ee728b)  -> (artifact id: 'd558153e448f5e17f5d55b14c18c24f4') in 0.000703 seconds
Number of updated asset objects reloaded before import = 0
Number of asset objects unloaded after import = 0
========================================================================
Received Import Request.
  Time since last request: 13.009623 seconds.
  path: Assets/Multistory Dungeons 2/Meshes/SRC_Props/Barrel_01.fbx
  artifactKey: Guid(7f118ec6008f4d9791e95e94b54642e6) Importer(815301076,1909f56bfc062723c751e8b465ee728b)
Start importing Assets/Multistory Dungeons 2/Meshes/SRC_Props/Barrel_01.fbx using Guid(7f118ec6008f4d9791e95e94b54642e6) Importer(815301076,1909f56bfc062723c751e8b465ee728b)  -> (artifact id: '5a048eb90b53445ebc5054ced3329b4a') in 0.046772 seconds
Number of updated asset objects reloaded before import = 0
Number of asset objects unloaded after import = 13
========================================================================
Received Import Request.
  Time since last request: 0.000016 seconds.
  path: Assets/Multistory Dungeons 2/Prefabs/Props/Barrel_02.prefab
  artifactKey: Guid(b15f5745a0d64fb5b2ae7554210dff7a) Importer(815301076,1909f56bfc062723c751e8b465ee728b)
Start importing Assets/Multistory Dungeons 2/Prefabs/Props/Barrel_02.prefab using Guid(b15f5745a0d64fb5b2ae7554210dff7a) Importer(815301076,1909f56bfc062723c751e8b465ee728b)  -> (artifact id: '699d67df370b00506de1038d620e5f01') in 0.019949 seconds
Number of updated asset objects reloaded before import = 0
Number of asset objects unloaded after import = 13
========================================================================
Received Import Request.
  Time since last request: 0.000032 seconds.
  path: Assets/Multistory Dungeons 2/Prefabs/Props/Barrels_Preset_02.prefab
  artifactKey: Guid(c0ec564d1f2148c99703100107fde91c) Importer(815301076,1909f56bfc062723c751e8b465ee728b)
Start importing Assets/Multistory Dungeons 2/Prefabs/Props/Barrels_Preset_02.prefab using Guid(c0ec564d1f2148c99703100107fde91c) Importer(815301076,1909f56bfc062723c751e8b465ee728b)  -> (artifact id: '3156c6b1c269b90c2d292eb4cb45ed48') in 0.019055 seconds
Number of updated asset objects reloaded before import = 0
Number of asset objects unloaded after import = 15
========================================================================
Received Import Request.
  Time since last request: 0.000024 seconds.
  path: Assets/Multistory Dungeons 2/Prefabs/Props/Barrels_Preset_01.prefab
  artifactKey: Guid(15fd5903be7b4cd68505a9c33fb0cd77) Importer(815301076,1909f56bfc062723c751e8b465ee728b)
Start importing Assets/Multistory Dungeons 2/Prefabs/Props/Barrels_Preset_01.prefab using Guid(15fd5903be7b4cd68505a9c33fb0cd77) Importer(815301076,1909f56bfc062723c751e8b465ee728b)  -> (artifact id: '8f76a047136549215c4cd88d51b10222') in 0.028000 seconds
Number of updated asset objects reloaded before import = 0
Number of asset objects unloaded after import = 15
========================================================================
Received Import Request.
  Time since last request: 0.000016 seconds.
  path: Assets/Multistory Dungeons 2/Meshes/SRC_Props/Barrels_Preset_01.fbx
  artifactKey: Guid(905e1e29b45f41958574ee26a147e611) Importer(815301076,1909f56bfc062723c751e8b465ee728b)
Start importing Assets/Multistory Dungeons 2/Meshes/SRC_Props/Barrels_Preset_01.fbx using Guid(905e1e29b45f41958574ee26a147e611) Importer(815301076,1909f56bfc062723c751e8b465ee728b)  -> (artifact id: '6564f35aace9e6ff20158e92c4bbc683') in 0.041986 seconds
Number of updated asset objects reloaded before import = 0
Number of asset objects unloaded after import = 20
Editor requested this worker to shutdown with reason: Scaling down because of idle timeout
TcpMessagingSession - receive error: operation aborted. errorcode: 995, details: The I/O operation has been aborted because of either a thread exit or an application request.
AssetImportWorker is now disconnected from the server
Process exiting
Exiting without the bug reporter. Application will terminate with return code 0